Log file open, 07/03/18 10:13:23
LogWindows: Failed to load 'aqProf.dll' (GetLastError=126)
LogWindows: File 'aqProf.dll' does not exist
LogWindows: Failed to load 'VtuneApi.dll' (GetLastError=126)
LogWindows: File 'VtuneApi.dll' does not exist
LogWindows: Failed to load 'VtuneApi32e.dll' (GetLastError=126)
LogWindows: File 'VtuneApi32e.dll' does not exist
LogInit: Display: Running engine for game: JengaGame
LogPlatformFile: Not using cached read wrapper
LogInit: Display: RandInit(-110648133) SRandInit(-110648133).
LogInit: Read version file with build ID '3944462'
LogInit: Overriding engine version to CL 4033788, compatible CL 3944462
LogInit: Registered custom module enumerator with build ID '3944462'
LogTaskGraph: Started task graph with 5 named threads and 23 total threads with 3 sets of task threads.
LogStats: Stats thread started at 0.256057
LogD3D11RHI: Aftermath initialized
LogICUInternationalization: Display: ICU TimeZone Detection - Raw Offset: -3:00, Platform Override: ''
LogModuleManager: Display: Found up-to-date module file ../../../../../Vinicius Oliveira/Git/Jenga/JengaGame/Plugins/LeapMotion/Binaries/Win64/UE4Editor-LeapMotion.dll (API version 3944462).
LogModuleManager: Display: Found up-to-date module file ../../../../../Vinicius Oliveira/Git/Jenga/JengaGame/Plugins/LeapMotion/Binaries/Win64/UE4Editor-LeapMotionEditor.dll (API version 3944462).
LogModuleManager: Display: Found up-to-date module file ../../../../../Vinicius Oliveira/Git/Jenga/JengaGame/Plugins/LeapMotion/Binaries/Win64/UE4Editor-BodyState.dll (API version 3944462).
LogModuleManager: Display: Found up-to-date module file ../../../Engine/Plugins/2D/Paper2D/Binaries/Win64/UE4Editor-Paper2D.dll (API version 3944462).
LogModuleManager: Display: Found up-to-date module file ../../../Engine/Plugins/2D/Paper2D/Binaries/Win64/UE4Editor-Paper2DEditor.dll (API version 3944462).
LogModuleManager: Display: Found up-to-date module file ../../../Engine/Plugins/2D/Paper2D/Binaries/Win64/UE4Editor-PaperSpriteSheetImporter.dll (API version 3944462).
LogModuleManager: Display: Found up-to-date module file ../../../Engine/Plugins/2D/Paper2D/Binaries/Win64/UE4Editor-PaperTiledImporter.dll (API version 3944462).
LogModuleManager: Display: Found up-to-date module file ../../../Engine/Plugins/2D/Paper2D/Binaries/Win64/UE4Editor-SmartSnapping.dll (API version 3944462).
LogModuleManager: Display: Found up-to-date module file ../../../Engine/Plugins/Blendables/LightPropagationVolume/Binaries/Win64/UE4Editor-LightPropagationVolumeRuntime.dll (API version 3944462).
LogModuleManager: Display: Found up-to-date module file ../../../Engine/Plugins/Blendables/LightPropagationVolume/Binaries/Win64/UE4Editor-LightPropagationVolumeEditor.dll (API version 3944462).
LogModuleManager: Display: Found up-to-date module file ../../../Engine/Plugins/Developer/CLionSourceCodeAccess/Binaries/Win64/UE4Editor-CLionSourceCodeAccess.dll (API version 3944462).
LogModuleManager: Display: Found up-to-date module file ../../../Engine/Plugins/Developer/GitSourceControl/Binaries/Win64/UE4Editor-GitSourceControl.dll (API version 3944462).
LogModuleManager: Display: Found up-to-date module file ../../../Engine/Plugins/Developer/PerforceSourceControl/Binaries/Win64/UE4Editor-PerforceSourceControl.dll (API version 3944462).
LogModuleManager: Display: Found up-to-date module file ../../../Engine/Plugins/Developer/SubversionSourceControl/Binaries/Win64/UE4Editor-SubversionSourceControl.dll (API version 3944462).
LogModuleManager: Display: Found up-to-date module file ../../../Engine/Plugins/Developer/UObjectPlugin/Binaries/Win64/UE4Editor-UObjectPlugin.dll (API version 3944462).
LogModuleManager: Display: Found up-to-date module file ../../../Engine/Plugins/Developer/VisualStudioCodeSourceCodeAccess/Binaries/Win64/UE4Editor-VisualStudioCodeSourceCodeAccess.dll (API version 3944462).
LogModuleManager: Display: Found up-to-date module file ../../../Engine/Plugins/Developer/VisualStudioSourceCodeAccess/Binaries/Win64/UE4Editor-VisualStudioSourceCodeAccess.dll (API version 3944462).
LogModuleManager: Display: Found up-to-date module file ../../../Engine/Plugins/Editor/AssetManagerEditor/Binaries/Win64/UE4Editor-AssetManagerEditor.dll (API version 3944462).
LogModuleManager: Display: Found up-to-date module file ../../../Engine/Plugins/Editor/CryptoKeys/Binaries/Win64/UE4Editor-CryptoKeys.dll (API version 3944462).
LogModuleManager: Display: Found up-to-date module file ../../../Engine/Plugins/Editor/CryptoKeys/Binaries/Win64/UE4Editor-CryptoKeysOpenSSL.dll (API version 3944462).
LogModuleManager: Display: Found up-to-date module file ../../../Engine/Plugins/Editor/DataValidation/Binaries/Win64/UE4Editor-DataValidation.dll (API version 3944462).
LogModuleManager: Display: Found up-to-date module file ../../../Engine/Plugins/Editor/FacialAnimation/Binaries/Win64/UE4Editor-FacialAnimation.dll (API version 3944462).
LogModuleManager: Display: Found up-to-date module file ../../../Engine/Plugins/Editor/FacialAnimation/Binaries/Win64/UE4Editor-FacialAnimationEditor.dll (API version 3944462).
LogModuleManager: Display: Found up-to-date module file ../../../Engine/Plugins/Editor/GameplayTagsEditor/Binaries/Win64/UE4Editor-GameplayTagsEditor.dll (API version 3944462).
LogModuleManager: Display: Found up-to-date module file ../../../Engine/Plugins/Editor/MobileLauncherProfileWizard/Binaries/Win64/UE4Editor-MobileLauncherProfileWizard.dll (API version 3944462).
LogModuleManager: Display: Found up-to-date module file ../../../Engine/Plugins/Editor/PluginBrowser/Binaries/Win64/UE4Editor-PluginBrowser.dll (API version 3944462).
LogModuleManager: Display: Found up-to-date module file ../../../Engine/Plugins/Editor/SpeedTreeImporter/Binaries/Win64/UE4Editor-SpeedTreeImporter.dll (API version 3944462).
LogModuleManager: Display: Found up-to-date module file ../../../Engine/Plugins/Enterprise/DatasmithContent/Binaries/Win64/UE4Editor-DatasmithContent.dll (API version 3944462).
LogModuleManager: Display: Found up-to-date module file ../../../Engine/Plugins/Experimental/AlembicImporter/Binaries/Win64/UE4Editor-AlembicImporter.dll (API version 3944462).
LogModuleManager: Display: Found up-to-date module file ../../../Engine/Plugins/Experimental/AlembicImporter/Binaries/Win64/UE4Editor-AlembicLibrary.dll (API version 3944462).
LogModuleManager: Display: Found up-to-date module file ../../../Engine/Plugins/Experimental/CharacterAI/Binaries/Win64/UE4Editor-CharacterAI.dll (API version 3944462).
LogModuleManager: Display: Found up-to-date module file ../../../Engine/Plugins/Experimental/HTML5Networking/Binaries/Win64/UE4Editor-HTML5Networking.dll (API version 3944462).
LogModuleManager: Display: Found up-to-date module file ../../../Engine/Plugins/Media/AndroidMedia/Binaries/Win64/UE4Editor-AndroidMediaEditor.dll (API version 3944462).
LogModuleManager: Display: Found up-to-date module file ../../../Engine/Plugins/Media/AndroidMedia/Binaries/Win64/UE4Editor-AndroidMediaFactory.dll (API version 3944462).
LogModuleManager: Display: Found up-to-date module file ../../../Engine/Plugins/Media/AvfMedia/Binaries/Win64/UE4Editor-AvfMediaEditor.dll (API version 3944462).
LogModuleManager: Display: Found up-to-date module file ../../../Engine/Plugins/Media/AvfMedia/Binaries/Win64/UE4Editor-AvfMediaFactory.dll (API version 3944462).
LogModuleManager: Display: Found up-to-date module file ../../../Engine/Plugins/Media/AvfMedia/Binaries/Win64/UE4Editor-AvfMediaFactory.dll (API version 3944462).
LogModuleManager: Display: Found up-to-date module file ../../../Engine/Plugins/Media/ImgMedia/Binaries/Win64/UE4Editor-ImgMedia.dll (API version 3944462).
LogModuleManager: Display: Found up-to-date module file ../../../Engine/Plugins/Media/ImgMedia/Binaries/Win64/UE4Editor-ImgMediaEditor.dll (API version 3944462).
LogModuleManager: Display: Found up-to-date module file ../../../Engine/Plugins/Media/ImgMedia/Binaries/Win64/UE4Editor-ImgMediaFactory.dll (API version 3944462).
LogModuleManager: Display: Found up-to-date module file ../../../Engine/Plugins/Media/ImgMedia/Binaries/Win64/UE4Editor-ImgMediaFactory.dll (API version 3944462).
LogModuleManager: Display: Found up-to-date module file ../../../Engine/Plugins/Media/ImgMedia/Binaries/Win64/UE4Editor-OpenExrWrapper.dll (API version 3944462).
LogModuleManager: Display: Found up-to-date module file ../../../Engine/Plugins/Media/LinearTimecode/Binaries/Win64/UE4Editor-LinearTimecode.dll (API version 3944462).
LogModuleManager: Display: Found up-to-date module file ../../../Engine/Plugins/Media/MediaCompositing/Binaries/Win64/UE4Editor-MediaCompositing.dll (API version 3944462).
LogModuleManager: Display: Found up-to-date module file ../../../Engine/Plugins/Media/MediaCompositing/Binaries/Win64/UE4Editor-MediaCompositingEditor.dll (API version 3944462).
LogModuleManager: Display: Found up-to-date module file ../../../Engine/Plugins/Media/MediaPlayerEditor/Binaries/Win64/UE4Editor-MediaPlayerEditor.dll (API version 3944462).
LogModuleManager: Display: Found up-to-date module file ../../../Engine/Plugins/Media/WmfMedia/Binaries/Win64/UE4Editor-WmfMedia.dll (API version 3944462).
LogModuleManager: Display: Found up-to-date module file ../../../Engine/Plugins/Media/WmfMedia/Binaries/Win64/UE4Editor-WmfMediaEditor.dll (API version 3944462).
LogModuleManager: Display: Found up-to-date module file ../../../Engine/Plugins/Media/WmfMedia/Binaries/Win64/UE4Editor-WmfMediaFactory.dll (API version 3944462).
LogModuleManager: Display: Found up-to-date module file ../../../Engine/Plugins/Media/WmfMedia/Binaries/Win64/UE4Editor-WmfMediaFactory.dll (API version 3944462).
LogModuleManager: Display: Found up-to-date module file ../../../Engine/Plugins/Messaging/TcpMessaging/Binaries/Win64/UE4Editor-TcpMessaging.dll (API version 3944462).
LogModuleManager: Display: Found up-to-date module file ../../../Engine/Plugins/Messaging/UdpMessaging/Binaries/Win64/UE4Editor-UdpMessaging.dll (API version 3944462).
LogModuleManager: Display: Found up-to-date module file ../../../Engine/Plugins/MovieScene/ActorSequence/Binaries/Win64/UE4Editor-ActorSequence.dll (API version 3944462).
LogModuleManager: Display: Found up-to-date module file ../../../Engine/Plugins/MovieScene/LevelSequenceEditor/Binaries/Win64/UE4Editor-LevelSequenceEditor.dll (API version 3944462).
LogModuleManager: Display: Found up-to-date module file ../../../Engine/Plugins/MovieScene/MatineeToLevelSequence/Binaries/Win64/UE4Editor-MatineeToLevelSequence.dll (API version 3944462).
LogModuleManager: Display: Found up-to-date module file ../../../Engine/Plugins/NetcodeUnitTest/NetcodeUnitTest/Binaries/Win64/UE4Editor-NetcodeUnitTest.dll (API version 3944462).
LogModuleManager: Display: Found up-to-date module file ../../../Engine/Plugins/NetcodeUnitTest/NUTUnrealEngine4/Binaries/Win64/UE4Editor-NUTUnrealEngine4.dll (API version 3944462).
LogModuleManager: Display: Found up-to-date module file ../../../Engine/Plugins/Online/OnlineSubsystem/Binaries/Win64/UE4Editor-OnlineSubsystem.dll (API version 3944462).
LogModuleManager: Display: Found up-to-date module file ../../../Engine/Plugins/Runtime/AndroidPermission/Binaries/Win64/UE4Editor-AndroidPermission.dll (API version 3944462).
LogModuleManager: Display: Found up-to-date module file ../../../Engine/Plugins/Online/OnlineSubsystemNull/Binaries/Win64/UE4Editor-OnlineSubsystemNull.dll (API version 3944462).
LogModuleManager: Display: Found up-to-date module file ../../../Engine/Plugins/Online/OnlineSubsystemUtils/Binaries/Win64/UE4Editor-OnlineSubsystemUtils.dll (API version 3944462).
LogModuleManager: Display: Found up-to-date module file ../../../Engine/Plugins/Online/OnlineSubsystemUtils/Binaries/Win64/UE4Editor-OnlineBlueprintSupport.dll (API version 3944462).
LogModuleManager: Display: Found up-to-date module file ../../../Engine/Plugins/Runtime/AndroidDeviceProfileSelector/Binaries/Win64/UE4Editor-AndroidDeviceProfileSelector.dll (API version 3944462).
LogModuleManager: Display: Found up-to-date module file ../../../Engine/Plugins/Runtime/AppleARKit/Binaries/Win64/UE4Editor-AppleARKit.dll (API version 3944462).
LogModuleManager: Display: Found up-to-date module file ../../../Engine/Plugins/Runtime/ProceduralMeshComponent/Binaries/Win64/UE4Editor-ProceduralMeshComponent.dll (API version 3944462).
LogModuleManager: Display: Found up-to-date module file ../../../Engine/Plugins/Runtime/ProceduralMeshComponent/Binaries/Win64/UE4Editor-ProceduralMeshComponentEditor.dll (API version 3944462).
LogModuleManager: Display: Found up-to-date module file ../../../Engine/Plugins/Animation/LiveLink/Binaries/Win64/UE4Editor-LiveLink.dll (API version 3944462).
LogModuleManager: Display: Found up-to-date module file ../../../Engine/Plugins/Animation/LiveLink/Binaries/Win64/UE4Editor-LiveLinkEditor.dll (API version 3944462).
LogModuleManager: Display: Found up-to-date module file ../../../Engine/Plugins/Runtime/ArchVisCharacter/Binaries/Win64/UE4Editor-ArchVisCharacter.dll (API version 3944462).
LogModuleManager: Display: Found up-to-date module file ../../../Engine/Plugins/Runtime/AudioCapture/Binaries/Win64/UE4Editor-AudioCapture.dll (API version 3944462).
LogModuleManager: Display: Found up-to-date module file ../../../Engine/Plugins/Runtime/AudioCapture/Binaries/Win64/UE4Editor-AudioCaptureEditor.dll (API version 3944462).
LogModuleManager: Display: Found up-to-date module file ../../../Engine/Plugins/Runtime/CableComponent/Binaries/Win64/UE4Editor-CableComponent.dll (API version 3944462).
LogModuleManager: Display: Found up-to-date module file ../../../Engine/Plugins/Runtime/CustomMeshComponent/Binaries/Win64/UE4Editor-CustomMeshComponent.dll (API version 3944462).
LogModuleManager: Display: Found up-to-date module file ../../../Engine/Plugins/Runtime/ExampleDeviceProfileSelector/Binaries/Win64/UE4Editor-ExampleDeviceProfileSelector.dll (API version 3944462).
LogModuleManager: Display: Found up-to-date module file ../../../Engine/Plugins/Runtime/ImmediatePhysics/Binaries/Win64/UE4Editor-ImmediatePhysics.dll (API version 3944462).
LogModuleManager: Display: Found up-to-date module file ../../../Engine/Plugins/Runtime/ImmediatePhysics/Binaries/Win64/UE4Editor-ImmediatePhysicsEditor.dll (API version 3944462).
LogModuleManager: Display: Found up-to-date module file ../../../Engine/Plugins/Runtime/LocationServicesBPLibrary/Binaries/Win64/UE4Editor-LocationServicesBPLibrary.dll (API version 3944462).
LogModuleManager: Display: Found up-to-date module file ../../../Engine/Plugins/Runtime/MobilePatchingUtils/Binaries/Win64/UE4Editor-MobilePatchingUtils.dll (API version 3944462).
LogModuleManager: Display: Found up-to-date module file ../../../Engine/Plugins/Runtime/Oculus/OculusVR/Binaries/Win64/UE4Editor-OculusHMD.dll (API version 3944462).
LogModuleManager: Display: Found up-to-date module file ../../../Engine/Plugins/Runtime/Oculus/OculusVR/Binaries/Win64/UE4Editor-OculusInput.dll (API version 3944462).
LogModuleManager: Display: Found up-to-date module file ../../../Engine/Plugins/Runtime/Oculus/OculusVR/Binaries/Win64/UE4Editor-OculusEditor.dll (API version 3944462).
LogModuleManager: Display: Found up-to-date module file ../../../Engine/Plugins/Runtime/PhysXVehicles/Binaries/Win64/UE4Editor-PhysXVehicles.dll (API version 3944462).
LogModuleManager: Display: Found up-to-date module file ../../../Engine/Plugins/Runtime/PhysXVehicles/Binaries/Win64/UE4Editor-PhysXVehiclesEditor.dll (API version 3944462).
LogModuleManager: Display: Found up-to-date module file ../../../Engine/Plugins/Runtime/RuntimePhysXCooking/Binaries/Win64/UE4Editor-RuntimePhysXCooking.dll (API version 3944462).
LogModuleManager: Display: Found up-to-date module file ../../../Engine/Plugins/Runtime/Steam/SteamVR/Binaries/Win64/UE4Editor-SteamVR.dll (API version 3944462).
LogModuleManager: Display: Found up-to-date module file ../../../Engine/Plugins/Runtime/Steam/SteamVR/Binaries/Win64/UE4Editor-SteamVRController.dll (API version 3944462).
LogModuleManager: Display: Found up-to-date module file ../../../Engine/Plugins/Runtime/WindowsMoviePlayer/Binaries/Win64/UE4Editor-WindowsMoviePlayer.dll (API version 3944462).
LogPluginManager: Mounting plugin Paper2D
LogPluginManager: Mounting plugin LiveLink
LogPluginManager: Mounting plugin LightPropagationVolume
LogPluginManager: Mounting plugin CLionSourceCodeAccess
LogPluginManager: Mounting plugin CodeLiteSourceCodeAccess
LogPluginManager: Mounting plugin GitSourceControl
LogPluginManager: Mounting plugin KDevelopSourceCodeAccess
LogPluginManager: Mounting plugin NullSourceCodeAccess
LogPluginManager: Mounting plugin PerforceSourceControl
LogPluginManager: Mounting plugin SubversionSourceControl
LogPluginManager: Mounting plugin UObjectPlugin
LogPluginManager: Mounting plugin VisualStudioCodeSourceCodeAccess
LogPluginManager: Mounting plugin VisualStudioSourceCodeAccess
LogPluginManager: Mounting plugin XCodeSourceCodeAccess
LogPluginManager: Mounting plugin AssetManagerEditor
LogPluginManager: Mounting plugin CryptoKeys
LogPluginManager: Mounting plugin DataValidation
LogPluginManager: Mounting plugin FacialAnimation
LogPluginManager: Mounting plugin GameplayTagsEditor
LogPluginManager: Mounting plugin MobileLauncherProfileWizard
LogPluginManager: Mounting plugin PluginBrowser
LogPluginManager: Mounting plugin SpeedTreeImporter
LogPluginManager: Mounting plugin DatasmithContent
LogPluginManager: Mounting plugin AlembicImporter
LogPluginManager: Mounting plugin CharacterAI
LogPluginManager: Mounting plugin HTML5Networking
LogPluginManager: Mounting plugin AndroidMedia
LogPluginManager: Mounting plugin AvfMedia
LogPluginManager: Mounting plugin ImgMedia
LogPluginManager: Mounting plugin LinearTimecode
LogPluginManager: Mounting plugin MediaCompositing
LogPluginManager: Mounting plugin MediaPlayerEditor
LogPluginManager: Mounting plugin WmfMedia
LogPluginManager: Mounting plugin TcpMessaging
LogPluginManager: Mounting plugin UdpMessaging
LogPluginManager: Mounting plugin ActorSequence
LogPluginManager: Mounting plugin LevelSequenceEditor
LogPluginManager: Mounting plugin MatineeToLevelSequence
LogPluginManager: Mounting plugin NetcodeUnitTest
LogPluginManager: Mounting plugin NUTUnrealEngine4
LogPluginManager: Mounting plugin OnlineSubsystemGooglePlay
LogPluginManager: Mounting plugin OnlineSubsystemIOS
LogPluginManager: Mounting plugin OnlineSubsystem
LogPluginManager: Mounting plugin OnlineSubsystemNull
LogPluginManager: Mounting plugin OnlineSubsystemUtils
LogPluginManager: Mounting plugin AndroidDeviceProfileSelector
LogPluginManager: Mounting plugin AndroidMoviePlayer
LogPluginManager: Mounting plugin AndroidPermission
LogPluginManager: Mounting plugin AppleARKit
LogPluginManager: Mounting plugin AppleMoviePlayer
LogPluginManager: Mounting plugin ArchVisCharacter
LogPluginManager: Mounting plugin AudioCapture
LogPluginManager: Mounting plugin CableComponent
LogPluginManager: Mounting plugin CustomMeshComponent
LogPluginManager: Mounting plugin ExampleDeviceProfileSelector
LogPluginManager: Mounting plugin GoogleCloudMessaging
LogPluginManager: Mounting plugin ImmediatePhysics
LogPluginManager: Mounting plugin IOSDeviceProfileSelector
LogPluginManager: Mounting plugin LeapMotion
LogPluginManager: Mounting plugin LinuxDeviceProfileSelector
LogPluginManager: Mounting plugin LocationServicesBPLibrary
LogPluginManager: Mounting plugin MobilePatchingUtils
LogPluginManager: Mounting plugin OculusVR
LogPluginManager: Plugin shader directory ../../../Engine/Plugins/Runtime/Oculus/OculusVR/Shaders found
LogPluginManager: Mapping shader source directory ../../../Engine/Plugins/Runtime/Oculus/OculusVR/Shaders to virtual directory /Plugin/OculusVR
LogPluginManager: Mounting plugin PhysXVehicles
LogPluginManager: Mounting plugin ProceduralMeshComponent
LogPluginManager: Mounting plugin RuntimePhysXCooking
LogPluginManager: Mounting plugin SteamVR
LogPluginManager: Mounting plugin WindowsMoviePlayer
LogStreaming: Display: Took  0.593s to configure plugins.
LogInit: Using libcurl 7.47.1
LogInit:  - built for x86_64-pc-win32
LogInit:  - supports SSL with OpenSSL/1.0.2g
LogInit:  - supports HTTP deflate (compression) using libz 1.2.8
LogInit:  - other features:
LogInit:      CURL_VERSION_SSL
LogInit:      CURL_VERSION_LIBZ
LogInit:      CURL_VERSION_IPV6
LogInit:      CURL_VERSION_ASYNCHDNS
LogInit:      CURL_VERSION_LARGEFILE
LogInit:      CURL_VERSION_IDN
LogInit:  CurlRequestOptions (configurable via config and command line):
LogInit:  - bVerifyPeer = false  - Libcurl will NOT verify peer certificate
LogInit:  - bUseHttpProxy = false  - Libcurl will NOT use HTTP proxy
LogInit:  - bDontReuseConnections = false  - Libcurl will reuse connections
LogInit:  - CertBundlePath = nullptr  - Libcurl will use whatever was configured at build time.
LogInit:  - MaxHostConnections = 16  - Libcurl will limit the number of connections to a host
LogInit:  - LocalHostAddr = Default
LogInit: WinSock: version 1.1 (2.2), MaxSocks=32767, MaxUdp=65467
LogInit: WinSock: I am INTERLAB-XPS (143.107.164.150:0)
LogInit: Build: ++UE4+Release-4.19-CL-4033788
LogInit: Engine Version: 4.19.2-4033788+++UE4+Release-4.19
LogInit: Compatible Engine Version: 4.19.0-3944462+++UE4+Release-4.19
LogInit: Net CL: 3944462
LogDevObjectVersion: Number of dev versions registered: 18
LogDevObjectVersion:   Dev-Blueprints (B0D832E4-1F89-4F0D-ACCF-7EB736FD4AA2): 10
LogDevObjectVersion:   Dev-Build (E1C64328-A22C-4D53-A36C-8E866417BD8C): 0
LogDevObjectVersion:   Dev-Core (375EC13C-06E4-48FB-B500-84F0262A717E): 2
LogDevObjectVersion:   Dev-Editor (E4B068ED-F494-42E9-A231-DA0B2E46BB41): 23
LogDevObjectVersion:   Dev-Framework (CFFC743F-43B0-4480-9391-14DF171D2073): 33
LogDevObjectVersion:   Dev-Mobile (B02B49B5-BB20-44E9-A304-32B752E40360): 2
LogDevObjectVersion:   Dev-Networking (A4E4105C-59A1-49B5-A7C5-40C4547EDFEE): 0
LogDevObjectVersion:   Dev-Online (39C831C9-5AE6-47DC-9A44-9C173E1C8E7C): 0
LogDevObjectVersion:   Dev-Physics (78F01B33-EBEA-4F98-B9B4-84EACCB95AA2): 0
LogDevObjectVersion:   Dev-Platform (6631380F-2D4D-43E0-8009-CF276956A95A): 0
LogDevObjectVersion:   Dev-Rendering (12F88B9F-8875-4AFC-A67C-D90C383ABD29): 25
LogDevObjectVersion:   Dev-Sequencer (7B5AE74C-D270-4C10-A958-57980B212A5A): 6
LogDevObjectVersion:   Dev-VR (D7296918-1DD6-4BDD-9DE2-64A83CC13884): 1
LogDevObjectVersion:   Dev-LoadTimes (C2A15278-BFE7-4AFE-6C17-90FF531DF755): 1
LogDevObjectVersion:   Private-Geometry (6EACA3D4-40EC-4CC1-B786-8BED09428FC5): 2
LogDevObjectVersion:   Dev-AnimPhys (29E575DD-E0A3-4627-9D10-D276232CDCEA): 16
LogDevObjectVersion:   Dev-ReflectionCapture (6B266CEC-1EC7-4B8F-A30B-E4D90942FC07): 1
LogDevObjectVersion:   Dev-Automation (0DF73D61-A23F-47EA-B727-89E90C41499A): 1
LogInit: Compiled (64-bit): Apr 27 2018 02:06:57
LogInit: Compiled with Visual C++: 19.00.24215.01
LogInit: Build Configuration: Development
LogInit: Branch Name: ++UE4+Release-4.19
LogInit: Command Line: -EpicPortal 
LogInit: Base Directory: D:/Epic Games/UE_4.19/Engine/Binaries/Win64/
LogInit: Installed Engine Build: 1
LogStreaming: Display: Took  0.000s to delete old logs.
LogInit: Presizing for max 8388607 objects, including 0 objects not considered by GC, pre-allocating 0 bytes for permanent pool.
LogInit: Object subsystem initialized
[2018.07.03-13.13.24:487][  0]LogInit: Selected Device Profile: [Windows]
[2018.07.03-13.13.24:487][  0]LogInit: Applying CVar settings loaded from the selected device profile: [Windows]
[2018.07.03-13.13.24:493][  0]LogInit: Computer: INTERLAB-XPS
[2018.07.03-13.13.24:493][  0]LogInit: User: INTERLAB
[2018.07.03-13.13.24:493][  0]LogInit: CPU Page size=4096, Cores=4
[2018.07.03-13.13.24:493][  0]LogInit: High frequency timer resolution =4.101559 MHz
[2018.07.03-13.13.24:493][  0]LogMemory: Memory total: Physical=15.9GB (16GB approx)
[2018.07.03-13.13.24:493][  0]LogMemory: Platform Memory Stats for Windows
[2018.07.03-13.13.24:493][  0]LogMemory: Process Physical Memory: 280.60 MB used, 280.60 MB peak
[2018.07.03-13.13.24:493][  0]LogMemory: Process Virtual Memory: 271.80 MB used, 271.80 MB peak
[2018.07.03-13.13.24:493][  0]LogMemory: Physical Memory: 8278.11 MB used,  8009.40 MB free, 16287.50 MB total
[2018.07.03-13.13.24:493][  0]LogMemory: Virtual Memory: 4848.09 MB used,  8009.40 MB free, 134217728.00 MB total
[2018.07.03-13.13.24:506][  0]LogInit: Overriding language with editor language configuration option (en).
[2018.07.03-13.13.24:506][  0]LogInit: Overriding locale with editor locale configuration option (en).
[2018.07.03-13.13.24:841][  0]LogStreaming: Display: Took  0.335s to EndInitTextLocalization.
[2018.07.03-13.13.24:841][  0]LogInit: Setting process to per monitor DPI aware
[2018.07.03-13.13.24:860][  0]LogSlate: New Slate User Created.  User Index 0, Is Virtual User: 0
[2018.07.03-13.13.24:860][  0]LogSlate: Slate User Registered.  User Index 0, Is Virtual User: 0
[2018.07.03-13.13.24:999][  0]LogD3D11RHI: D3D11 adapters:
[2018.07.03-13.13.25:006][  0]LogD3D11RHI:    0. 'Intel(R) HD Graphics 630' (Feature Level 11_0)
[2018.07.03-13.13.25:006][  0]LogD3D11RHI:       128/0/8143 MB DedicatedVideo/DedicatedSystem/SharedSystem, Outputs:1, VendorId:0x8086
[2018.07.03-13.13.25:045][  0]LogD3D11RHI:    1. 'NVIDIA GeForce GTX 1070' (Feature Level 11_0)
[2018.07.03-13.13.25:045][  0]LogD3D11RHI:       8096/0/8143 MB DedicatedVideo/DedicatedSystem/SharedSystem, Outputs:1, VendorId:0x10de
[2018.07.03-13.13.25:047][  0]LogD3D11RHI:    2. 'Microsoft Basic Render Driver' (Feature Level 11_0)
[2018.07.03-13.13.25:047][  0]LogD3D11RHI:       0/0/8143 MB DedicatedVideo/DedicatedSystem/SharedSystem, Outputs:0, VendorId:0x1414
[2018.07.03-13.13.25:047][  0]LogD3D11RHI: Chosen D3D11 Adapter: 1
[2018.07.03-13.13.25:054][  0]LogD3D11RHI: Creating new Direct3DDevice
[2018.07.03-13.13.25:054][  0]LogD3D11RHI:     GPU DeviceId: 0x1b81 (for the marketing name, search the web for "GPU Device Id")
[2018.07.03-13.13.25:054][  0]LogWindows: EnumDisplayDevices:
[2018.07.03-13.13.25:054][  0]LogWindows:    0. 'NVIDIA GeForce GTX 1070' (P:0 D:1)
[2018.07.03-13.13.25:054][  0]LogWindows:    1. 'NVIDIA GeForce GTX 1070' (P:0 D:0)
[2018.07.03-13.13.25:054][  0]LogWindows:    2. 'NVIDIA GeForce GTX 1070' (P:0 D:0)
[2018.07.03-13.13.25:054][  0]LogWindows:    3. 'NVIDIA GeForce GTX 1070' (P:0 D:0)
[2018.07.03-13.13.25:054][  0]LogWindows:    4. 'Intel(R) HD Graphics 630' (P:1 D:1)
[2018.07.03-13.13.25:054][  0]LogWindows:    5. 'Intel(R) HD Graphics 630' (P:0 D:0)
[2018.07.03-13.13.25:054][  0]LogWindows:    6. 'Intel(R) HD Graphics 630' (P:0 D:0)
[2018.07.03-13.13.25:055][  0]LogWindows: DebugString: GetVideoDriverDetailsInvalid PrimaryIsNotTheChoosenAdapter GetVideoDriverDetailsInvalid PrimaryIsNotTheChoosenAdapter GetVideoDriverDetailsInvalid PrimaryIsNotTheChoosenAdapter GetVideoDriverDetailsInvalid PrimaryIsNotTheChoosenAdapter GetVideoDriverDetailsInvalid PrimaryIsNotTheChoosenAdapter GetVideoDriverDetailsInvalid PrimaryIsNotTheChoosenAdapter GetVideoDriverDetailsInvalid PrimaryIsNotTheChoosenAdapter FoundDriverCount:0 
[2018.07.03-13.13.25:055][  0]LogD3D11RHI:     Adapter Name: NVIDIA GeForce GTX 1070
[2018.07.03-13.13.25:055][  0]LogD3D11RHI:   Driver Version: Unknown (internal:Unknown, unified:Unknown)
[2018.07.03-13.13.25:055][  0]LogD3D11RHI:      Driver Date: Unknown
[2018.07.03-13.13.25:055][  0]LogRHI: Texture pool is 5667 MB (70% of 8096 MB)
[2018.07.03-13.13.25:080][  0]LogD3D11RHI: [Aftermath] Aftermath enabled but failed to initialize
[2018.07.03-13.13.25:080][  0]LogD3D11RHI: [Aftermath] Aftermath enabled and primed
[2018.07.03-13.13.25:080][  0]LogD3D11RHI: Async texture creation enabled
[2018.07.03-13.13.25:091][  0]LogD3D11RHI: GPU Timing Frequency: 1000.000000 (Debug: 2 1)
[2018.07.03-13.13.25:092][  0]LogShaderCompilers: Guid format shader working directory is -3 characters bigger than the processId version (../../../../../Vinicius Oliveira/Git/Jenga/JengaGame/Intermediate/Shaders/WorkingDirectory/4324/).
[2018.07.03-13.13.25:092][  0]LogShaderCompilers: Cleaned the shader compiler working directory 'C:/Users/INTERLAB/AppData/Local/Temp/UnrealShaderWorkingDir/9D84A86B47BF90F25E0E3A890BC955ED/'.
[2018.07.03-13.13.25:434][  0]LogTemp: Display: Loaded TP AllDesktopTargetPlatform
[2018.07.03-13.13.25:443][  0]LogTemp: Display: Loaded TP MacClientTargetPlatform
[2018.07.03-13.13.25:453][  0]LogTemp: Display: Loaded TP MacNoEditorTargetPlatform
[2018.07.03-13.13.25:462][  0]LogTemp: Display: Loaded TP MacServerTargetPlatform
[2018.07.03-13.13.25:472][  0]LogTemp: Display: Loaded TP MacTargetPlatform
[2018.07.03-13.13.25:482][  0]LogTemp: Display: Loaded TP WindowsClientTargetPlatform
[2018.07.03-13.13.25:491][  0]LogTemp: Display: Loaded TP WindowsNoEditorTargetPlatform
[2018.07.03-13.13.25:501][  0]LogTemp: Display: Loaded TP WindowsServerTargetPlatform
[2018.07.03-13.13.25:506][  0]LogTemp: Display: Loaded TP WindowsTargetPlatform
[2018.07.03-13.13.25:515][  0]LogTemp: Display: Loaded TP Android_ASTCTargetPlatform
[2018.07.03-13.13.25:523][  0]LogTemp: Display: Loaded TP Android_ATCTargetPlatform
[2018.07.03-13.13.25:532][  0]LogTemp: Display: Loaded TP Android_DXTTargetPlatform
[2018.07.03-13.13.25:541][  0]LogTemp: Display: Loaded TP Android_ETC1aTargetPlatform
[2018.07.03-13.13.25:550][  0]LogTemp: Display: Loaded TP Android_ETC1TargetPlatform
[2018.07.03-13.13.25:558][  0]LogTemp: Display: Loaded TP Android_ETC2TargetPlatform
[2018.07.03-13.13.25:577][  0]LogTemp: Display: Loaded TP Android_MultiTargetPlatform
[2018.07.03-13.13.25:577][  0]LogTemp: Display: Loaded TP Android_PVRTCTargetPlatform
[2018.07.03-13.13.25:588][  0]LogTemp: Display: Loaded TP AndroidTargetPlatform
[2018.07.03-13.13.25:589][  0]LogTemp: Display: Loaded TP HTML5TargetPlatform
[2018.07.03-13.13.25:622][  0]LogTemp: Display: Loaded TP IOSTargetPlatform
[2018.07.03-13.13.25:630][  0]LogTemp: Display: Loaded TP TVOSTargetPlatform
[2018.07.03-13.13.25:640][  0]LogTemp: Display: Loaded TP LinuxClientTargetPlatform
[2018.07.03-13.13.25:649][  0]LogTemp: Display: Loaded TP LinuxNoEditorTargetPlatform
[2018.07.03-13.13.25:658][  0]LogTemp: Display: Loaded TP LinuxServerTargetPlatform
[2018.07.03-13.13.25:667][  0]LogTemp: Display: Loaded TP LinuxTargetPlatform
[2018.07.03-13.13.25:667][  0]LogTargetPlatformManager: Display: Building Assets For Windows
[2018.07.03-13.13.25:729][  0]LogXGEController: Cannot use XGE Controller as Incredibuild is not installed on this machine.
[2018.07.03-13.13.25:729][  0]LogShaderCompilers: Cannot use XGE Shader Compiler as Incredibuild is not installed on this machine.
[2018.07.03-13.13.25:729][  0]LogShaderCompilers: Display: Using Local Shader Compiler.
[2018.07.03-13.13.26:248][  0]LogDerivedDataCache: Display: Max Cache Size: 512 MB
[2018.07.03-13.13.26:330][  0]LogDerivedDataCache: Loaded boot cache 0.08s 88MB C:/Users/INTERLAB/AppData/Local/UnrealEngine/4.19/DerivedDataCache/Boot.ddc.
[2018.07.03-13.13.26:331][  0]LogDerivedDataCache: Display: Loaded Boot cache: C:/Users/INTERLAB/AppData/Local/UnrealEngine/4.19/DerivedDataCache/Boot.ddc
[2018.07.03-13.13.26:331][  0]LogDerivedDataCache: FDerivedDataBackendGraph:  Pak pak cache file ../../../../../Vinicius Oliveira/Git/Jenga/JengaGame/DerivedDataCache/DDC.ddp not found, will not use a pak cache.
[2018.07.03-13.13.26:331][  0]LogDerivedDataCache: Unable to find inner node Pak for hierarchical cache Hierarchy.
[2018.07.03-13.13.26:331][  0]LogDerivedDataCache: FDerivedDataBackendGraph:  CompressedPak pak cache file ../../../../../Vinicius Oliveira/Git/Jenga/JengaGame/DerivedDataCache/Compressed.ddp not found, will not use a pak cache.
[2018.07.03-13.13.26:331][  0]LogDerivedDataCache: Unable to find inner node CompressedPak for hierarchical cache Hierarchy.
[2018.07.03-13.13.26:344][  0]LogDerivedDataCache: Display: Pak cache opened for reading ../../../Engine/DerivedDataCache/Compressed.ddp.
[2018.07.03-13.13.26:355][  0]LogDerivedDataCache: Using Local data cache path C:/Users/INTERLAB/AppData/Local/UnrealEngine/Common/DerivedDataCache: Writable
[2018.07.03-13.13.26:355][  0]LogDerivedDataCache: Shared data cache path not found in *engine.ini, will not use an Shared cache.
[2018.07.03-13.13.26:355][  0]LogDerivedDataCache: Unable to find inner node Shared for hierarchical cache Hierarchy.
[2018.07.03-13.13.26:371][  0]LogMaterial: Verifying Global Shaders for PCD3D_SM5
[2018.07.03-13.13.26:371][  0]LogSlate: Using Freetype 2.6.0
[2018.07.03-13.13.26:372][  0]LogSlate: SlateFontCache - WITH_FREETYPE: 1, WITH_HARFBUZZ: 1
[2018.07.03-13.13.26:372][  0]LogSlate: SlateFontCache - WITH_FREETYPE: 1, WITH_HARFBUZZ: 1
[2018.07.03-13.13.26:469][  0]LogAssetRegistry: FAssetRegistry took 0.0257 seconds to start up
[2018.07.03-13.13.26:704][  0]LogInit: Selected Device Profile: [Windows]
[2018.07.03-13.13.26:803][  0]LogSimplygon: Simplygon DLL not present - disabling.
[2018.07.03-13.13.26:805][  0]LogMeshReduction: Using SimplygonSwarm for distributed automatic mesh merging
[2018.07.03-13.13.26:805][  0]LogMeshReduction: Using QuadricMeshReduction for automatic static mesh reduction
[2018.07.03-13.13.26:805][  0]LogMeshReduction: No automatic skeletal mesh reduction module available
[2018.07.03-13.13.26:805][  0]LogMeshReduction: No automatic mesh merging module available
[2018.07.03-13.13.26:805][  0]LogMeshMerging: No automatic mesh merging module available
[2018.07.03-13.13.26:826][  0]LogNetVersion: JengaGame , NetCL: 3944462, EngineNetVer: 2, GameNetVer: 0 (Checksum: 4097671863)
[2018.07.03-13.13.27:137][  0]LogPackageLocalizationCache: Processed 10 localized package path(s) for 1 prioritized culture(s) in 0.032278 seconds
[2018.07.03-13.13.27:142][  0]LogUObjectArray: 36728 objects as part of root set at end of initial load.
[2018.07.03-13.13.27:142][  0]LogUObjectAllocator: 7314304 out of 0 bytes used by permanent object pool.
[2018.07.03-13.13.27:142][  0]LogUObjectArray: CloseDisregardForGC: 0/0 objects in disregard for GC pool
[2018.07.03-13.13.28:293][  0]LogTcpMessaging: Initializing TcpMessaging bridge
[2018.07.03-13.13.28:315][  0]LogUdpMessaging: Initializing bridge on interface 0.0.0.0:0 to multicast group 230.0.0.1:6666.
[2018.07.03-13.13.28:620][  0]SourceControl: Source control is disabled
[2018.07.03-13.13.28:620][  0]SourceControl: Source control is disabled
[2018.07.03-13.13.28:634][  0]SourceControl: Source control is disabled
[2018.07.03-13.13.28:648][  0]SourceControl: Source control is disabled
[2018.07.03-13.13.29:026][  0]LogAndroidPermission: UAndroidPermissionCallbackProxy::GetInstance
[2018.07.03-13.13.29:159][  0]LogWindows: Failed to load '../../../Engine/Binaries/ThirdParty/LeapMotion/Win64/LeapC.dll' (GetLastError=126)
[2018.07.03-13.13.29:159][  0]LogWindows: File '../../../Engine/Binaries/ThirdParty/LeapMotion/Win64/LeapC.dll' does not exist
[2018.07.03-13.13.29:159][  0]LeapMotionLog: Leap Plugin started v2.17.1
[2018.07.03-13.13.29:186][  0]LogOcInput: OculusInput pre-init called
[2018.07.03-13.13.29:273][  0]LogEngine: Initializing Engine...
[2018.07.03-13.13.29:274][  0]LogHMD: Oculus plugin initialized. Version: 4.19.2-4033788+++UE4+Release-4.19, OVRPlugin: 1.21.0
[2018.07.03-13.13.29:275][  0]LogStats: UGameplayTagsManager::ConstructGameplayTagTree: Construct from data asset -  0.000 s
[2018.07.03-13.13.29:275][  0]LogStats: UGameplayTagsManager::ConstructGameplayTagTree: GameplayTagTreeChangedEvent.Broadcast -  0.000 s
[2018.07.03-13.13.29:486][  0]LogAIModule: Creating AISystem for world Untitled
[2018.07.03-13.13.29:505][  0]LogInit: XAudio2 using 'Fones de ouvido / Alto falantes (Realtek Audio)' : 2 channels at 48 kHz using 32 bits per sample (channel mask 0x3)
[2018.07.03-13.13.29:572][  0]LogInit: FAudioDevice initialized.
[2018.07.03-13.13.29:653][  0]LogDerivedDataCache: Saved boot cache 0.08s 74MB C:/Users/INTERLAB/AppData/Local/UnrealEngine/4.19/DerivedDataCache/Boot.ddc.
[2018.07.03-13.13.29:660][  0]LogInit: Texture streaming: Enabled
[2018.07.03-13.13.29:670][  0]LogEngineSessionManager: EngineSessionManager initialized
[2018.07.03-13.13.29:679][  0]LogInit: Transaction tracking system initialized
[2018.07.03-13.13.29:691][  0]BlueprintLog: New page: Editor Load
[2018.07.03-13.13.29:737][  0]LocalizationService: Localization service is disabled
[2018.07.03-13.13.29:801][  0]LogConsoleResponse: Display: 
[2018.07.03-13.13.29:920][  0]LogCook: Display: Max memory allowance for cook 16384mb min free memory 0mb
[2018.07.03-13.13.29:920][  0]LogCook: Display: Mobile HDR setting 1
[2018.07.03-13.13.29:920][  0]LogGameplayTags: Display: UGameplayTagsManager::DoneAddingNativeTags. DelegateIsBound: 0
[2018.07.03-13.13.29:920][  0]LogStats: UGameplayTagsManager::ConstructGameplayTagTree: Construct from data asset -  0.000 s
[2018.07.03-13.13.29:920][  0]LogStats: UGameplayTagsManager::ConstructGameplayTagTree: GameplayTagTreeChangedEvent.Broadcast -  0.000 s
[2018.07.03-13.13.30:138][  0]LogFileCache: Scanning file cache for directory 'D:/Vinicius Oliveira/Git/Jenga/JengaGame/Content/' took 0.01s
[2018.07.03-13.13.30:138][  0]SourceControl: Source control is disabled
[2018.07.03-13.13.30:138][  0]Cmd: MAP LOAD FILE="../../../../../Vinicius Oliveira/Git/Jenga/JengaGame/Content/ThirdPersonBP/Maps/ThirdPersonExampleMap.umap" TEMPLATE=0 SHOWPROGRESS=1 FEATURELEVEL=3
[2018.07.03-13.13.30:138][  0]LightingResults: New page: Lighting Build
[2018.07.03-13.13.30:140][  0]MapCheck: New page: Map Check
[2018.07.03-13.13.30:140][  0]LightingResults: New page: Lighting Build
[2018.07.03-13.13.30:180][  0]LogUObjectGlobals: Created PersistentFrame Addr=0x000002753e11e9c0, Size=64, Default__ThirdPerson_AnimBP_C Function /Game/Mannequin/Animations/ThirdPerson_AnimBP.ThirdPerson_AnimBP_C:ExecuteUbergraph_ThirdPerson_AnimBP
[2018.07.03-13.13.30:187][  0]LogUObjectGlobals: Destroyed PersistentFrame Addr=0x000002753e11e9c0, Size=64
[2018.07.03-13.13.30:188][  0]LogUObjectGlobals: Created PersistentFrame Addr=0x000002753e11e600, Size=64, Default__ThirdPerson_AnimBP_C Function /Engine/Transient.REINST_ThirdPerson_AnimBP_C_0:ExecuteUbergraph_ThirdPerson_AnimBP
[2018.07.03-13.13.30:193][  0]LogUObjectGlobals: Created PersistentFrame Addr=0x000002753dd7c270, Size=72, Default__ThirdPerson_AnimBP_C Function /Game/Mannequin/Animations/ThirdPerson_AnimBP.ThirdPerson_AnimBP_C:ExecuteUbergraph_ThirdPerson_AnimBP
[2018.07.03-13.13.30:220][  0]LogUObjectGlobals: Created PersistentFrame Addr=0x000002754856f740, Size=296, Default__ThirdPersonCharacter_C Function /Game/ThirdPersonBP/Blueprints/ThirdPersonCharacter.ThirdPersonCharacter_C:ExecuteUbergraph_ThirdPersonCharacter
[2018.07.03-13.13.30:224][  0]LogUObjectGlobals: Destroyed PersistentFrame Addr=0x000002754856f740, Size=296
[2018.07.03-13.13.30:224][  0]LogUObjectGlobals: Created PersistentFrame Addr=0x000002754856f740, Size=296, Default__ThirdPersonCharacter_C Function /Engine/Transient.REINST_ThirdPersonCharacter_C_4:ExecuteUbergraph_ThirdPersonCharacter
[2018.07.03-13.13.30:228][  0]LogUObjectGlobals: Created PersistentFrame Addr=0x000002754856de40, Size=296, Default__ThirdPersonCharacter_C Function /Game/ThirdPersonBP/Blueprints/ThirdPersonCharacter.ThirdPersonCharacter_C:ExecuteUbergraph_ThirdPersonCharacter
[2018.07.03-13.13.30:379][  0]LogSkeletalMesh: Skeletal Mesh found in DDC [9.869661ms] /Game/Mannequin/Character/Mesh/SK_Mannequin.SK_Mannequin
[2018.07.03-13.13.30:450][  0]LogAIModule: Creating AISystem for world ThirdPersonExampleMap
[2018.07.03-13.13.30:456][  0]LogEditorServer: Finished looking for orphan Actors (0.000 secs)
[2018.07.03-13.13.30:466][  0]LogUObjectGlobals: Destroyed PersistentFrame Addr=0x000002753e11e600, Size=64
[2018.07.03-13.13.30:467][  0]LogUObjectGlobals: Destroyed PersistentFrame Addr=0x000002754856f740, Size=296
[2018.07.03-13.13.30:468][  0]Cmd: MAP CHECKDEP NOCLEARLOG
[2018.07.03-13.13.30:499][  0]MapCheck: Map check complete: 0 Error(s), 0 Warning(s), took 31.359ms to complete.
[2018.07.03-13.13.30:499][  0]LogFileHelpers: Loading map 'ThirdPersonExampleMap' took 0.361
[2018.07.03-13.13.30:605][  0]LogCollectionManager: Loaded 0 collections in 0.000697 seconds
[2018.07.03-13.13.30:646][  0]LogFileCache: Scanning file cache for directory 'D:/Vinicius Oliveira/Git/Jenga/JengaGame/Saved/Collections/' took 0.01s
[2018.07.03-13.13.30:646][  0]LogFileCache: Scanning file cache for directory 'D:/Vinicius Oliveira/Git/Jenga/JengaGame/Content/Developers/INTERLAB/Collections/' took 0.01s
[2018.07.03-13.13.30:646][  0]LogFileCache: Scanning file cache for directory 'D:/Vinicius Oliveira/Git/Jenga/JengaGame/Content/Collections/' took 0.01s
[2018.07.03-13.13.30:646][  0]LogCollectionManager: Rebuilt the GUID cache for 0 collections in 0.000001 seconds
[2018.07.03-13.13.30:653][  0]LogContentBrowser: Native class hierarchy populated in 0.0069 seconds. Added 2465 classes and 566 folders.
[2018.07.03-13.13.30:657][  0]LogContentBrowser: Native class hierarchy updated for 'WidgetCarousel' in 0.0002 seconds. Added 0 classes and 0 folders.
[2018.07.03-13.13.30:685][  0]LogContentBrowser: Native class hierarchy updated for 'AddContentDialog' in 0.0002 seconds. Added 0 classes and 0 folders.
[2018.07.03-13.13.30:689][  0]LogContentBrowser: Native class hierarchy updated for 'SceneOutliner' in 0.0002 seconds. Added 1 classes and 2 folders.
[2018.07.03-13.13.30:755][  0]LogSlate: Took 0.000203 seconds to synchronously load lazily loaded font '../../../Engine/Content/Slate/Fonts/Roboto-Regular.ttf' (155K)
[2018.07.03-13.13.30:757][  0]LogSlate: Took 0.000132 seconds to synchronously load lazily loaded font '../../../Engine/Content/Slate/Fonts/Roboto-Bold.ttf' (160K)
[2018.07.03-13.13.30:761][  0]LogSlate: Took 0.000334 seconds to synchronously load lazily loaded font '../../../Engine/Content/Editor/Slate/Fonts/FontAwesome.ttf' (139K)
[2018.07.03-13.13.30:838][  0]LogRenderer: Reallocating scene render targets to support 956x632 Format 10 NumSamples 1 (Frame:1).
[2018.07.03-13.13.30:963][  0]LogContentBrowser: Native class hierarchy updated for 'HierarchicalLODOutliner' in 0.0003 seconds. Added 0 classes and 0 folders.
[2018.07.03-13.13.30:963][  0]LogLoad: (Engine Initialization) Total time: 8.09 seconds
[2018.07.03-13.13.30:963][  0]LogLoad: (Engine Initialization) Total Blueprint compile time: 0.00 seconds
[2018.07.03-13.13.31:302][  0]LogOcInput: OculusInput is initialized
[2018.07.03-13.13.31:314][  0]LeapMotionLog: serviceMessageLoop started.
[2018.07.03-13.13.31:314][  0]BodyStateLog: BodyState::DeviceAttached: Leap Motion (1)
[2018.07.03-13.13.31:315][  0]BodyStateLog: BodyState::DeviceAttached: HMD (2)
[2018.07.03-13.13.31:331][  0]LogAssetRegistry: Asset discovery search completed in 4.8849 seconds
[2018.07.03-13.13.31:334][  0]LogCollectionManager: Rebuilt the object cache for 0 collections in 0.000000 seconds (found 0 objects)
[2018.07.03-13.13.31:334][  0]LogCollectionManager: Fixed up redirectors for 0 collections in 0.000072 seconds (updated 0 objects)
[2018.07.03-13.13.31:336][  0]LogContentStreaming: Texture pool size now 1000 MB
[2018.07.03-13.13.31:375][  0]LogSlate: Took 0.000140 seconds to synchronously load lazily loaded font '../../../Engine/Content/Slate/Fonts/Roboto-Light.ttf' (167K)
[2018.07.03-13.13.31:648][  1]LeapMotionLog: LeapService: OnConnect.
[2018.07.03-13.13.31:648][  1]LeapMotionLog: OnDeviceFound Peripheral LP76410977314.
[2018.07.03-13.13.55:967][ 74]LogSlate: FSceneViewport::OnFocusLost() reason 0
[2018.07.03-13.13.59:977][548]LogSlate: Window 'Plugins' being destroyed
[2018.07.03-13.13.59:981][548]LogSlate: Window 'Plugins' being destroyed
[2018.07.03-13.13.59:981][548]LogDirectoryWatcher: A directory notification for '../../../Engine/Plugins/' was aborted.
[2018.07.03-13.13.59:981][548]LogDirectoryWatcher: A directory notification for '../../../../../Vinicius Oliveira/Git/Jenga/JengaGame/Plugins/' was aborted.
[2018.07.03-13.14.08:813][825]LogSlate: FSceneViewport::OnFocusLost() reason 2
[2018.07.03-13.14.09:899][955]LogSlate: FSceneViewport::OnFocusLost() reason 2
[2018.07.03-13.14.41:700][267]LogSlate: Window 'Plugins' being destroyed
[2018.07.03-13.14.41:703][267]LogSlate: Window 'Plugins' being destroyed
[2018.07.03-13.14.41:703][267]LogDirectoryWatcher: A directory notification for '../../../Engine/Plugins/' was aborted.
[2018.07.03-13.14.41:703][267]LogDirectoryWatcher: A directory notification for '../../../../../Vinicius Oliveira/Git/Jenga/JengaGame/Plugins/' was aborted.
[2018.07.03-13.15.04:274][215]LogSlate: FSceneViewport::OnFocusLost() reason 0
[2018.07.03-13.15.05:536][362]LogEditorViewport: Clicking on Actor (LMB): BP_Sky_Sphere_C (SkySphereBlueprint)
[2018.07.03-13.15.08:849][753]LogSlate: FSceneViewport::OnFocusLost() reason 0
[2018.07.03-13.15.31:333][816]LogSlate: Window 'World Settings' being destroyed
[2018.07.03-13.15.35:469][312]LogSlate: FSceneViewport::OnFocusLost() reason 0
[2018.07.03-13.15.36:873][480]LogEditorViewport: Clicking on Actor (LMB): StaticMeshActor (Wall7)
[2018.07.03-13.15.39:457][787]LogSlate: FSceneViewport::OnFocusLost() reason 0
[2018.07.03-13.15.46:141][589]Cmd: SELECT NONE
[2018.07.03-13.15.47:108][698]Cmd: SELECT NONE
[2018.07.03-13.15.49:342][966]Cmd: TRANSACTION UNDO
[2018.07.03-13.15.49:342][966]LogEditorTransaction: Undo Select None
[2018.07.03-13.15.49:349][966]LogSlate: Took 0.000155 seconds to synchronously load lazily loaded font '../../../Engine/Content/Slate/Fonts/Roboto-Light.ttf' (167K)
[2018.07.03-13.15.49:807][ 20]Cmd: TRANSACTION UNDO
[2018.07.03-13.15.49:807][ 20]LogEditorTransaction: Undo Select None
[2018.07.03-13.15.50:317][ 77]Cmd: TRANSACTION UNDO
[2018.07.03-13.15.50:317][ 77]LogEditorTransaction: Undo Clicking on Actors
[2018.07.03-13.15.51:027][161]Cmd: TRANSACTION UNDO
[2018.07.03-13.15.51:027][161]LogEditorTransaction: Undo Clicking on Actors
[2018.07.03-13.15.51:532][212]Cmd: TRANSACTION UNDO
[2018.07.03-13.15.51:533][212]LogEditorTransaction: Undo Clicking on Actors
[2018.07.03-13.15.52:028][266]Cmd: TRANSACTION UNDO
[2018.07.03-13.15.52:028][266]LogEditorTransaction: Undo Clicking on Actors
[2018.07.03-13.16.05:794][907]LogRenderer: Reallocating scene render targets to support 960x632 Format 10 NumSamples 1 (Frame:8102).
[2018.07.03-13.16.05:868][910]LogRenderer: Reallocating scene render targets to support 964x632 Format 10 NumSamples 1 (Frame:8106).
[2018.07.03-13.16.05:906][911]LogRenderer: Reallocating scene render targets to support 968x632 Format 10 NumSamples 1 (Frame:8108).
[2018.07.03-13.16.51:432][454]LogSlate: FSceneViewport::OnFocusLost() reason 2
[2018.07.03-13.16.54:197][785]LogSlate: Prevented a slow task dialog from being summoned while a context menu was open
[2018.07.03-13.17.01:413][870]LogSlate: FSceneViewport::OnFocusLost() reason 0
[2018.07.03-13.17.38:220][307]LogSlate: Window 'Pick Parent Class' being destroyed
[2018.07.03-13.18.12:787][253]LogSlate: Prevented a slow task dialog from being summoned while a context menu was open
[2018.07.03-13.18.18:671][543]LogContentBrowser: Native class hierarchy updated for 'BlueprintGraph' in 0.0004 seconds. Added 116 classes and 0 folders.
[2018.07.03-13.18.18:881][543]LogUObjectGlobals: Created PersistentFrame Addr=0x000002754ec49f68, Size=4, Default__SKEL_PROTO_BP_AnimBlueprint_0_C Function /Engine/Transient.SKEL_PROTO_BP_AnimBlueprint_0_C:ExecuteUbergraph_PROTO_BP_AnimBlueprint_0
[2018.07.03-13.18.18:882][543]LogUObjectGlobals: Created PersistentFrame Addr=0x000002754ec49f60, Size=4, Default__PROTO_BP_AnimBlueprint_0_C Function /Engine/Transient.PROTO_BP_AnimBlueprint_0_C:ExecuteUbergraph_PROTO_BP_AnimBlueprint_0
[2018.07.03-13.18.21:238][714]LogRenderer: Reallocating scene render targets to support 968x668 Format 10 NumSamples 1 (Frame:173).
[2018.07.03-13.18.56:846][418]LogSlate: Prevented a slow task dialog from being summoned while a context menu was open
[2018.07.03-13.21.48:142][514]LogSlate: Took 0.000127 seconds to synchronously load lazily loaded font '../../../Engine/Content/Slate/Fonts/Roboto-BoldCondensed.ttf' (158K)
[2018.07.03-13.23.01:122][ 76]LogSlate: Window 'JengaGameMode*' being destroyed
[2018.07.03-13.23.01:126][ 76]LogSlate: Window 'JengaGameMode*' being destroyed
[2018.07.03-13.23.03:042][276]LogTabManager: Warning: Cannot spawn tab because no spawner is registered for 'CompilerResults'
[2018.07.03-13.23.08:147][850]LogSlate: Window 'CompilerResults' being destroyed
[2018.07.03-13.23.08:152][850]LogSlate: Window 'CompilerResults' being destroyed
[2018.07.03-13.23.19:039][110]LogSlate: Window 'Find Results' being destroyed
[2018.07.03-13.23.19:043][110]LogSlate: Window 'Find Results' being destroyed
[2018.07.03-13.23.26:784][795]LogSlate: Window 'Reset UI Layout' being destroyed
[2018.07.03-13.23.26:801][796]Cmd: CLOSE_SLATE_MAINFRAME
[2018.07.03-13.23.28:786][796]LogSlate: Window 'Save Content' being destroyed
[2018.07.03-13.23.28:807][796]Cmd: OBJ SAVEPACKAGE PACKAGE="/Game/Jenga/JengaGameMode" FILE="../../../../../Vinicius Oliveira/Git/Jenga/JengaGame/Content/Jenga/JengaGameMode.uasset" SILENT=true
[2018.07.03-13.23.28:812][796]LogSavePackage: Save=4.19ms
[2018.07.03-13.23.28:812][796]LogSavePackage: Moving '../../../../../Vinicius Oliveira/Git/Jenga/JengaGame/Saved/JengaGameMode778AAE9F4FDBD1454A523ABC97CFB59D.tmp' to '../../../../../Vinicius Oliveira/Git/Jenga/JengaGame/Content/Jenga/JengaGameMode.uasset'
[2018.07.03-13.23.28:814][796]LogSavePackage: Display: Finished SavePackage ../../../../../Vinicius Oliveira/Git/Jenga/JengaGame/Content/Jenga/JengaGameMode.uasset
[2018.07.03-13.23.28:966][796]LogSavePackage: Save=92.76ms
[2018.07.03-13.23.28:966][796]LogSavePackage: Moving '../../../../../Vinicius Oliveira/Git/Jenga/JengaGame/Saved/ThirdPersonExampleMap8CC76A024219459B9CD4ACA922571B05.tmp' to '../../../../../Vinicius Oliveira/Git/Jenga/JengaGame/Content/ThirdPersonBP/Maps/ThirdPersonExampleMap.umap'
[2018.07.03-13.23.28:968][796]LogSavePackage: Display: Finished SavePackage ../../../../../Vinicius Oliveira/Git/Jenga/JengaGame/Content/ThirdPersonBP/Maps/ThirdPersonExampleMap.umap
[2018.07.03-13.23.28:974][796]LogFileHelpers: Saving map 'ThirdPersonExampleMap' took 0.157
[2018.07.03-13.23.28:981][796]LogSlate: Window 'JengaGameMode' being destroyed
[2018.07.03-13.23.29:032][796]LogSlate: Window 'JengaGame - Unreal Editor' being destroyed
[2018.07.03-13.23.29:033][796]LogWindowsTextInputMethodSystem: Display: IME system now deactivated.
[2018.07.03-13.23.29:193][797]Cmd: QUIT_EDITOR
[2018.07.03-13.23.29:213][797]LogExit: Preparing to exit.
[2018.07.03-13.23.29:647][797]LogDirectoryWatcher: A directory notification for 'D:/Vinicius Oliveira/Git/Jenga/JengaGame/Content/' was aborted.
[2018.07.03-13.23.29:671][797]LogExit: Editor shut down
[2018.07.03-13.23.29:674][797]LogExit: Transaction tracking system shut down
[2018.07.03-13.23.29:674][797]LogUObjectGlobals: Destroyed PersistentFrame Addr=0x000002753dd7c270, Size=72
[2018.07.03-13.23.29:675][797]LogUObjectGlobals: Destroyed PersistentFrame Addr=0x000002754856de40, Size=296
[2018.07.03-13.23.29:677][797]LogUObjectGlobals: Destroyed PersistentFrame Addr=0x000002754ec49f68, Size=4
[2018.07.03-13.23.29:677][797]LogUObjectGlobals: Destroyed PersistentFrame Addr=0x000002754ec49f60, Size=4
[2018.07.03-13.23.29:782][797]LogDirectoryWatcher: A directory notification for '../../../Engine/Content/' was aborted.
[2018.07.03-13.23.29:782][797]LogDirectoryWatcher: A directory notification for '../../../../../Vinicius Oliveira/Git/Jenga/JengaGame/Content/' was aborted.
[2018.07.03-13.23.29:782][797]LogDirectoryWatcher: A directory notification for '../../Plugins/2D/Paper2D/Content/' was aborted.
[2018.07.03-13.23.29:782][797]LogDirectoryWatcher: A directory notification for '../../Plugins/Enterprise/DatasmithContent/Content/' was aborted.
[2018.07.03-13.23.29:782][797]LogDirectoryWatcher: A directory notification for '../../Plugins/Media/MediaCompositing/Content/' was aborted.
[2018.07.03-13.23.29:782][797]LogDirectoryWatcher: A directory notification for '../../Plugins/Runtime/AppleARKit/Content/' was aborted.
[2018.07.03-13.23.29:783][797]LogDirectoryWatcher: A directory notification for '../../../../../Vinicius Oliveira/Git/Jenga/JengaGame/Plugins/LeapMotion/Content/' was aborted.
[2018.07.03-13.23.29:783][797]LogDirectoryWatcher: A directory notification for '../../Plugins/Runtime/Oculus/OculusVR/Content/' was aborted.
[2018.07.03-13.23.29:783][797]LogDirectoryWatcher: A directory notification for '../../Plugins/Runtime/Steam/SteamVR/Content/' was aborted.
[2018.07.03-13.23.29:882][797]LogExit: Object subsystem successfully closed.
[2018.07.03-13.23.29:900][797]LogShaderCompilers: Display: Shaders left to compile 0
[2018.07.03-13.23.29:903][797]LogD3D11RHI: Shutdown
[2018.07.03-13.23.29:903][797]LogD3D11RHI: CleanupD3DDevice
[2018.07.03-13.23.29:904][797]LogD3D11RHI: ~FD3D11DynamicRHI
[2018.07.03-13.23.29:913][797]LogModuleManager: Shutting down and abandoning module BlueprintGraph (582)
[2018.07.03-13.23.29:913][797]LogModuleManager: Shutting down and abandoning module HierarchicalLODOutliner (580)
[2018.07.03-13.23.29:913][797]LogModuleManager: Shutting down and abandoning module SceneOutliner (578)
[2018.07.03-13.23.29:913][797]LogModuleManager: Shutting down and abandoning module AddContentDialog (576)
[2018.07.03-13.23.29:913][797]LogDirectoryWatcher: A directory notification for 'D:/Epic Games/UE_4.19/FeaturePacks/' was aborted.
[2018.07.03-13.23.29:914][797]LogModuleManager: Shutting down and abandoning module WidgetCarousel (575)
[2018.07.03-13.23.29:914][797]LogModuleManager: Shutting down and abandoning module EditorWidgets (572)
[2018.07.03-13.23.29:914][797]LogModuleManager: Shutting down and abandoning module CollectionManager (570)
[2018.07.03-13.23.29:914][797]LogDirectoryWatcher: A directory notification for 'D:/Vinicius Oliveira/Git/Jenga/JengaGame/Content/Collections/' was aborted.
[2018.07.03-13.23.29:914][797]LogDirectoryWatcher: A directory notification for 'D:/Vinicius Oliveira/Git/Jenga/JengaGame/Content/Developers/INTERLAB/Collections/' was aborted.
[2018.07.03-13.23.29:914][797]LogDirectoryWatcher: A directory notification for 'D:/Vinicius Oliveira/Git/Jenga/JengaGame/Saved/Collections/' was aborted.
[2018.07.03-13.23.29:914][797]LogModuleManager: Shutting down and abandoning module StatsViewer (568)
[2018.07.03-13.23.29:914][797]LogModuleManager: Shutting down and abandoning module FoliageEdit (566)
[2018.07.03-13.23.29:914][797]LogModuleManager: Shutting down and abandoning module LandscapeEditor (564)
[2018.07.03-13.23.29:914][797]LogModuleManager: Shutting down and abandoning module MeshPaintMode (562)
[2018.07.03-13.23.29:914][797]LogModuleManager: Shutting down and abandoning module SceneDepthPickerMode (560)
[2018.07.03-13.23.29:914][797]LogModuleManager: Shutting down and abandoning module ActorPickerMode (558)
[2018.07.03-13.23.29:914][797]LogModuleManager: Shutting down and abandoning module GeometryMode (556)
[2018.07.03-13.23.29:914][797]LogModuleManager: Shutting down and abandoning module TextureAlignMode (554)
[2018.07.03-13.23.29:914][797]LogModuleManager: Shutting down and abandoning module BspMode (552)
[2018.07.03-13.23.29:914][797]LogModuleManager: Shutting down and abandoning module PIEPreviewDeviceProfileSelector (550)
[2018.07.03-13.23.29:914][797]LogModuleManager: Shutting down and abandoning module HardwareSurvey (548)
[2018.07.03-13.23.29:914][797]LogModuleManager: Shutting down and abandoning module SequenceRecorderSections (546)
[2018.07.03-13.23.29:914][797]LogModuleManager: Shutting down and abandoning module AutomationWorker (544)
[2018.07.03-13.23.29:914][797]LogModuleManager: Shutting down and abandoning module AudioCaptureEditor (542)
[2018.07.03-13.23.29:914][797]LogModuleManager: Shutting down and abandoning module SequenceRecorder (541)
[2018.07.03-13.23.29:914][797]LogModuleManager: Shutting down and abandoning module MatineeToLevelSequence (538)
[2018.07.03-13.23.29:914][797]LogModuleManager: Shutting down and abandoning module LevelSequenceEditor (536)
[2018.07.03-13.23.29:914][797]LogModuleManager: Shutting down and abandoning module PlacementMode (535)
[2018.07.03-13.23.29:914][797]LogModuleManager: Shutting down and abandoning module MaterialEditor (534)
[2018.07.03-13.23.29:914][797]LogModuleManager: Shutting down and abandoning module WmfMediaFactory (530)
[2018.07.03-13.23.29:914][797]LogModuleManager: Shutting down and abandoning module WmfMediaEditor (528)
[2018.07.03-13.23.29:914][797]LogModuleManager: Shutting down and abandoning module MediaPlayerEditor (526)
[2018.07.03-13.23.29:914][797]LogModuleManager: Shutting down and abandoning module OpenExrWrapper (524)
[2018.07.03-13.23.29:914][797]LogModuleManager: Shutting down and abandoning module ImgMediaFactory (522)
[2018.07.03-13.23.29:914][797]LogModuleManager: Shutting down and abandoning module ImgMediaEditor (520)
[2018.07.03-13.23.29:914][797]LogModuleManager: Shutting down and abandoning module AvfMediaFactory (518)
[2018.07.03-13.23.29:914][797]LogModuleManager: Shutting down and abandoning module AvfMediaEditor (516)
[2018.07.03-13.23.29:914][797]LogModuleManager: Shutting down and abandoning module AndroidMediaFactory (514)
[2018.07.03-13.23.29:914][797]LogModuleManager: Shutting down and abandoning module AndroidMediaEditor (512)
[2018.07.03-13.23.29:914][797]LogModuleManager: Shutting down and abandoning module CharacterAI (510)
[2018.07.03-13.23.29:914][797]LogModuleManager: Shutting down and abandoning module SmartSnapping (508)
[2018.07.03-13.23.29:914][797]LogModuleManager: Shutting down and abandoning module SessionServices (506)
[2018.07.03-13.23.29:914][797]LogModuleManager: Shutting down and abandoning module ViewportSnapping (504)
[2018.07.03-13.23.29:914][797]LogModuleManager: Shutting down and abandoning module ViewportInteraction (502)
[2018.07.03-13.23.29:915][797]LogModuleManager: Shutting down and abandoning module ClothPainter (500)
[2018.07.03-13.23.29:915][797]LogModuleManager: Shutting down and abandoning module SkeletalMeshEditor (499)
[2018.07.03-13.23.29:915][797]LogModuleManager: Shutting down and abandoning module LogVisualizer (496)
[2018.07.03-13.23.29:915][797]LogModuleManager: Shutting down and abandoning module IntroTutorials (494)
[2018.07.03-13.23.29:915][797]LogModuleManager: Shutting down and abandoning module GameProjectGeneration (493)
[2018.07.03-13.23.29:915][797]LogModuleManager: Shutting down and abandoning module IOSPlatformEditor (490)
[2018.07.03-13.23.29:915][797]LogModuleManager: Shutting down and abandoning module HTML5PlatformEditor (488)
[2018.07.03-13.23.29:915][797]LogModuleManager: Shutting down and abandoning module AndroidPlatformEditor (486)
[2018.07.03-13.23.29:915][797]LogModuleManager: Shutting down and abandoning module AndroidDeviceDetection (485)
[2018.07.03-13.23.30:093][797]LogModuleManager: Shutting down and abandoning module WindowsPlatformEditor (482)
[2018.07.03-13.23.30:093][797]LogModuleManager: Shutting down and abandoning module IOSRuntimeSettings (480)
[2018.07.03-13.23.30:093][797]LogModuleManager: Shutting down and abandoning module AndroidRuntimeSettings (478)
[2018.07.03-13.23.30:093][797]LogModuleManager: Shutting down and abandoning module InputBindingEditor (476)
[2018.07.03-13.23.30:093][797]LogModuleManager: Shutting down and abandoning module MergeActors (474)
[2018.07.03-13.23.30:093][797]LogModuleManager: Shutting down and abandoning module LocalizationDashboard (472)
[2018.07.03-13.23.30:093][797]LogModuleManager: Shutting down and abandoning module LocalizationService (471)
[2018.07.03-13.23.30:093][797]LogModuleManager: Shutting down and abandoning module HardwareTargeting (468)
[2018.07.03-13.23.30:093][797]LogModuleManager: Shutting down and abandoning module DeviceProfileEditor (466)
[2018.07.03-13.23.30:093][797]LogModuleManager: Shutting down and abandoning module UndoHistory (464)
[2018.07.03-13.23.30:093][797]LogModuleManager: Shutting down and abandoning module XmlParser (462)
[2018.07.03-13.23.30:093][797]LogModuleManager: Shutting down and abandoning module Blutility (460)
[2018.07.03-13.23.30:093][797]LogModuleManager: Shutting down and abandoning module ProjectSettingsViewer (458)
[2018.07.03-13.23.30:093][797]LogModuleManager: Shutting down and abandoning module ProjectTargetPlatformEditor (457)
[2018.07.03-13.23.30:094][797]LogModuleManager: Shutting down and abandoning module EditorSettingsViewer (454)
[2018.07.03-13.23.30:094][797]LogModuleManager: Shutting down and abandoning module SettingsEditor (452)
[2018.07.03-13.23.30:094][797]LogModuleManager: Shutting down and abandoning module ProjectLauncher (450)
[2018.07.03-13.23.30:094][797]LogModuleManager: Shutting down and abandoning module SessionFrontend (448)
[2018.07.03-13.23.30:094][797]LogModuleManager: Shutting down and abandoning module ProfilerClient (446)
[2018.07.03-13.23.30:094][797]LogModuleManager: Shutting down and abandoning module DeviceManager (444)
[2018.07.03-13.23.30:094][797]LogModuleManager: Shutting down and abandoning module TargetDeviceServices (443)
[2018.07.03-13.23.30:149][797]LogModuleManager: Shutting down and abandoning module AutomationController (440)
[2018.07.03-13.23.30:149][797]LogModuleManager: Shutting down and abandoning module AutomationWindow (438)
[2018.07.03-13.23.30:149][797]LogModuleManager: Shutting down and abandoning module Layers (436)
[2018.07.03-13.23.30:149][797]LogModuleManager: Shutting down and abandoning module ComponentVisualizers (434)
[2018.07.03-13.23.30:149][797]LogModuleManager: Shutting down and abandoning module DetailCustomizations (432)
[2018.07.03-13.23.30:149][797]LogModuleManager: Shutting down and abandoning module PackagesDialog (430)
[2018.07.03-13.23.30:149][797]LogModuleManager: Shutting down and abandoning module Persona (428)
[2018.07.03-13.23.30:149][797]LogModuleManager: Shutting down and abandoning module AdvancedPreviewScene (427)
[2018.07.03-13.23.30:149][797]LogModuleManager: Shutting down and abandoning module AnimGraph (425)
[2018.07.03-13.23.30:149][797]LogModuleManager: Shutting down and abandoning module Kismet (422)
[2018.07.03-13.23.30:152][797]LogModuleManager: Shutting down and abandoning module GraphEditor (420)
[2018.07.03-13.23.30:152][797]LogModuleManager: Shutting down and abandoning module ClassViewer (418)
[2018.07.03-13.23.30:153][797]LogModuleManager: Shutting down and abandoning module Toolbox (416)
[2018.07.03-13.23.30:153][797]LogModuleManager: Shutting down and abandoning module ModuleUI (414)
[2018.07.03-13.23.30:153][797]LogModuleManager: Shutting down and abandoning module MovieSceneTools (412)
[2018.07.03-13.23.30:153][797]LogModuleManager: Shutting down and abandoning module OutputLog (410)
[2018.07.03-13.23.30:153][797]LogModuleManager: Shutting down and abandoning module GammaUI (408)
[2018.07.03-13.23.30:153][797]LogModuleManager: Shutting down and abandoning module Documentation (406)
[2018.07.03-13.23.30:153][797]LogModuleManager: Shutting down and abandoning module MovieSceneTracks (404)
[2018.07.03-13.23.30:153][797]LogModuleManager: Shutting down and abandoning module MovieScene (402)
[2018.07.03-13.23.30:153][797]LogModuleManager: Shutting down and abandoning module StreamingPauseRendering (400)
[2018.07.03-13.23.30:153][797]LogModuleManager: Shutting down and abandoning module LauncherPlatform (398)
[2018.07.03-13.23.30:153][797]LogModuleManager: Shutting down and abandoning module AnalyticsET (396)
[2018.07.03-13.23.30:153][797]LogModuleManager: Shutting down and abandoning module PortalServices (394)
[2018.07.03-13.23.30:153][797]LogModuleManager: Shutting down and abandoning module PortalRpc (392)
[2018.07.03-13.23.30:154][797]LogModuleManager: Shutting down and abandoning module MessagingRpc (390)
[2018.07.03-13.23.30:154][797]LogModuleManager: Shutting down and abandoning module AIModule (388)
[2018.07.03-13.23.30:154][797]LogModuleManager: Shutting down and abandoning module GameplayDebugger (387)
[2018.07.03-13.23.30:154][797]LogModuleManager: Shutting down and abandoning module AITestSuite (385)
[2018.07.03-13.23.30:154][797]LogModuleManager: Shutting down and abandoning module DesktopPlatform (382)
[2018.07.03-13.23.30:154][797]LogModuleManager: Shutting down and abandoning module ProfilerService (380)
[2018.07.03-13.23.30:400][797]LogModuleManager: Shutting down and abandoning module TaskGraph (378)
[2018.07.03-13.23.30:400][797]LogModuleManager: Shutting down and abandoning module SteamVRController (376)
[2018.07.03-13.23.30:400][797]LogModuleManager: Shutting down and abandoning module ProceduralMeshComponentEditor (374)
[2018.07.03-13.23.30:400][797]LogModuleManager: Shutting down and abandoning module ProceduralMeshComponent (372)
[2018.07.03-13.23.30:400][797]LogModuleManager: Shutting down and abandoning module OculusInput (370)
[2018.07.03-13.23.30:400][797]LogModuleManager: Shutting down and abandoning module MobilePatchingUtils (368)
[2018.07.03-13.23.30:400][797]LogModuleManager: Shutting down and abandoning module LeapMotion (366)
[2018.07.03-13.23.30:400][797]LeapMotionLog: Leap Plugin shutdown.
[2018.07.03-13.23.30:512][797]BodyStateLog: Id: 1
[2018.07.03-13.23.30:512][797]LogUObjectArray: Warning: Invalid object index -572662307
[2018.07.03-13.23.30:512][797]BodyStateLog: BodyState::Device Detached: Leap Motion (1)
[2018.07.03-13.23.30:542][797]LeapMotionLog: serviceMessageLoop stopped.
[2018.07.03-13.23.30:542][797]LeapMotionLog: Connection successfully closed.
[2018.07.03-13.23.30:542][797]LogModuleManager: Shutting down and abandoning module CustomMeshComponent (364)
[2018.07.03-13.23.30:542][797]LogModuleManager: Shutting down and abandoning module CableComponent (362)
[2018.07.03-13.23.30:542][797]LogModuleManager: Shutting down and abandoning module AudioCapture (360)
[2018.07.03-13.23.30:542][797]LogModuleManager: Shutting down and abandoning module ArchVisCharacter (358)
[2018.07.03-13.23.30:542][797]LogModuleManager: Shutting down and abandoning module AndroidPermission (356)
[2018.07.03-13.23.30:542][797]LogModuleManager: Shutting down and abandoning module NUTUnrealEngine4 (352)
[2018.07.03-13.23.30:542][797]LogModuleManager: Shutting down and abandoning module NetcodeUnitTest (350)
[2018.07.03-13.23.30:542][797]LogModuleManager: Shutting down and abandoning module MediaCompositingEditor (348)
[2018.07.03-13.23.30:543][797]LogModuleManager: Shutting down and abandoning module MediaCompositing (346)
[2018.07.03-13.23.30:543][797]LogModuleManager: Shutting down and abandoning module LinearTimecode (344)
[2018.07.03-13.23.30:543][797]LogModuleManager: Shutting down and abandoning module ImgMedia (342)
[2018.07.03-13.23.30:545][797]LogModuleManager: Shutting down and abandoning module HTML5Networking (340)
[2018.07.03-13.23.30:545][797]LogModuleManager: Shutting down and abandoning module AlembicImporter (338)
[2018.07.03-13.23.30:545][797]LogModuleManager: Shutting down and abandoning module AlembicLibrary (337)
[2018.07.03-13.23.30:545][797]LogModuleManager: Shutting down and abandoning module GeometryCache (336)
[2018.07.03-13.23.30:545][797]LogModuleManager: Shutting down and abandoning module GeometryCacheEd (335)
[2018.07.03-13.23.30:545][797]LogModuleManager: Shutting down and abandoning module DatasmithContent (330)
[2018.07.03-13.23.30:545][797]LogModuleManager: Shutting down and abandoning module SpeedTreeImporter (328)
[2018.07.03-13.23.30:545][797]LogModuleManager: Shutting down and abandoning module PluginBrowser (326)
[2018.07.03-13.23.30:545][797]LogModuleManager: Shutting down and abandoning module MobileLauncherProfileWizard (324)
[2018.07.03-13.23.30:545][797]LogModuleManager: Shutting down and abandoning module CryptoKeysOpenSSL (322)
[2018.07.03-13.23.30:545][797]LogModuleManager: Shutting down and abandoning module CryptoKeys (320)
[2018.07.03-13.23.30:545][797]LogModuleManager: Shutting down and abandoning module VisualStudioSourceCodeAccess (318)
[2018.07.03-13.23.30:545][797]LogModuleManager: Shutting down and abandoning module VisualStudioCodeSourceCodeAccess (316)
[2018.07.03-13.23.30:545][797]LogModuleManager: Shutting down and abandoning module UObjectPlugin (314)
[2018.07.03-13.23.30:545][797]LogModuleManager: Shutting down and abandoning module SubversionSourceControl (312)
[2018.07.03-13.23.30:545][797]LogModuleManager: Shutting down and abandoning module PerforceSourceControl (310)
[2018.07.03-13.23.30:545][797]LogModuleManager: Shutting down and abandoning module GitSourceControl (308)
[2018.07.03-13.23.30:545][797]LogModuleManager: Shutting down and abandoning module SourceControl (307)
[2018.07.03-13.23.30:545][797]LogModuleManager: Shutting down and abandoning module CLionSourceCodeAccess (304)
[2018.07.03-13.23.30:545][797]LogModuleManager: Shutting down and abandoning module LightPropagationVolumeEditor (302)
[2018.07.03-13.23.30:545][797]LogModuleManager: Shutting down and abandoning module PaperTiledImporter (300)
[2018.07.03-13.23.30:545][797]LogModuleManager: Shutting down and abandoning module PaperSpriteSheetImporter (298)
[2018.07.03-13.23.30:545][797]LogModuleManager: Shutting down and abandoning module Paper2DEditor (296)
[2018.07.03-13.23.30:545][797]LogModuleManager: Shutting down and abandoning module MeshPaint (295)
[2018.07.03-13.23.30:545][797]LogModuleManager: Shutting down and abandoning module RuntimePhysXCooking (292)
[2018.07.03-13.23.30:545][797]LogModuleManager: Shutting down and abandoning module PhysXVehiclesEditor (290)
[2018.07.03-13.23.30:545][797]LogModuleManager: Shutting down and abandoning module PhysXVehicles (288)
[2018.07.03-13.23.30:545][797]LogModuleManager: Shutting down and abandoning module OculusEditor (286)
[2018.07.03-13.23.30:545][797]LogModuleManager: Shutting down and abandoning module LocationServicesBPLibrary (284)
[2018.07.03-13.23.30:545][797]LogModuleManager: Shutting down and abandoning module BodyState (282)
[2018.07.03-13.23.30:545][797]BodyStateLog: Id: 2
[2018.07.03-13.23.30:545][797]LogUObjectArray: Warning: Invalid object index -572662307
[2018.07.03-13.23.30:545][797]BodyStateLog: BodyState::Device Detached: HMD (0)
[2018.07.03-13.23.30:545][797]LogUObjectArray: Warning: Invalid object index -572662307
[2018.07.03-13.23.30:545][797]LogSlate: Slate User Destroyed.  User Index 0, Is Virtual User: 0
[2018.07.03-13.23.30:545][797]LogModuleManager: Shutting down and abandoning module LeapMotionEditor (280)
[2018.07.03-13.23.30:545][797]LogModuleManager: Shutting down and abandoning module ImmediatePhysicsEditor (278)
[2018.07.03-13.23.30:545][797]LogModuleManager: Shutting down and abandoning module ImmediatePhysics (276)
[2018.07.03-13.23.30:545][797]LogModuleManager: Shutting down and abandoning module ActorSequence (274)
[2018.07.03-13.23.30:545][797]LogModuleManager: Shutting down and abandoning module UdpMessaging (272)
[2018.07.03-13.23.30:647][797]LogModuleManager: Shutting down and abandoning module TcpMessaging (270)
[2018.07.03-13.23.30:747][797]LogModuleManager: Shutting down and abandoning module GameplayTagsEditor (268)
[2018.07.03-13.23.30:747][797]LogModuleManager: Shutting down and abandoning module FacialAnimationEditor (266)
[2018.07.03-13.23.30:747][797]LogModuleManager: Shutting down and abandoning module FacialAnimation (264)
[2018.07.03-13.23.30:747][797]LogModuleManager: Shutting down and abandoning module DataValidation (262)
[2018.07.03-13.23.30:747][797]LogModuleManager: Shutting down and abandoning module AssetManagerEditor (260)
[2018.07.03-13.23.30:747][797]LogModuleManager: Shutting down and abandoning module LevelEditor (259)
[2018.07.03-13.23.30:747][797]LogModuleManager: Shutting down and abandoning module PixelInspectorModule (258)
[2018.07.03-13.23.30:747][797]LogModuleManager: Shutting down and abandoning module CommonMenuExtensions (256)
[2018.07.03-13.23.30:747][797]LogModuleManager: Shutting down and abandoning module MainFrame (254)
[2018.07.03-13.23.30:747][797]LogModuleManager: Shutting down and abandoning module HotReload (253)
[2018.07.03-13.23.30:747][797]LogDirectoryWatcher: A directory notification for 'D:/Vinicius Oliveira/Git/Jenga/JengaGame/Plugins/LeapMotion/Binaries/Win64' was aborted.
[2018.07.03-13.23.30:749][797]LogModuleManager: Shutting down and abandoning module ContentBrowser (249)
[2018.07.03-13.23.30:749][797]LogModuleManager: Shutting down and abandoning module TreeMap (247)
[2018.07.03-13.23.30:749][797]LogModuleManager: Shutting down and abandoning module LightPropagationVolumeRuntime (244)
[2018.07.03-13.23.30:749][797]LogModuleManager: Shutting down and abandoning module LiveLinkEditor (242)
[2018.07.03-13.23.30:749][797]LogModuleManager: Shutting down and abandoning module LiveLink (240)
[2018.07.03-13.23.31:411][797]LogModuleManager: Shutting down and abandoning module Paper2D (238)
[2018.07.03-13.23.31:411][797]LogModuleManager: Shutting down and abandoning module WindowsMoviePlayer (236)
[2018.07.03-13.23.31:411][797]LogModuleManager: Shutting down and abandoning module WmfMedia (234)
[2018.07.03-13.23.31:412][797]LogModuleManager: Shutting down and abandoning module Media (233)
[2018.07.03-13.23.31:418][797]LogModuleManager: Shutting down and abandoning module PacketHandler (230)
[2018.07.03-13.23.31:418][797]LogModuleManager: Shutting down and abandoning module ClothingSystemEditor (228)
[2018.07.03-13.23.31:418][797]LogModuleManager: Shutting down and abandoning module ClothingSystemRuntime (226)
[2018.07.03-13.23.31:418][797]LogModuleManager: Shutting down and abandoning module MediaAssets (224)
[2018.07.03-13.23.31:418][797]LogModuleManager: Shutting down and abandoning module Overlay (222)
[2018.07.03-13.23.31:418][797]LogModuleManager: Shutting down and abandoning module OverlayEditor (221)
[2018.07.03-13.23.31:418][797]LogModuleManager: Shutting down and abandoning module VREditor (218)
[2018.07.03-13.23.31:418][797]LogModuleManager: Shutting down and abandoning module StringTableEditor (216)
[2018.07.03-13.23.31:418][797]LogModuleManager: Shutting down and abandoning module GameplayTasksEditor (214)
[2018.07.03-13.23.31:418][797]LogModuleManager: Shutting down and abandoning module BehaviorTreeEditor (212)
[2018.07.03-13.23.31:418][797]LogModuleManager: Shutting down and abandoning module FunctionalTesting (210)
[2018.07.03-13.23.31:418][797]LogModuleManager: Shutting down and abandoning module CollisionAnalyzer (208)
[2018.07.03-13.23.31:418][797]LogModuleManager: Shutting down and abandoning module WorkspaceMenuStructure (207)
[2018.07.03-13.23.31:418][797]LogModuleManager: Shutting down and abandoning module UMG (204)
[2018.07.03-13.23.31:418][797]LogModuleManager: Shutting down and abandoning module UMGEditor (203)
[2018.07.03-13.23.31:418][797]LogModuleManager: Shutting down and abandoning module Sequencer (202)
[2018.07.03-13.23.31:418][797]LogModuleManager: Shutting down and abandoning module MessageLog (199)
[2018.07.03-13.23.31:418][797]LogModuleManager: Shutting down and abandoning module SlateReflector (194)
[2018.07.03-13.23.31:418][797]LogModuleManager: Shutting down and abandoning module Slate (192)
[2018.07.03-13.23.31:418][797]LogModuleManager: Shutting down and abandoning module EditorStyle (190)
[2018.07.03-13.23.31:420][797]LogModuleManager: Shutting down and abandoning module MRMesh (188)
[2018.07.03-13.23.31:420][797]LogModuleManager: Shutting down and abandoning module SourceCodeAccess (186)
[2018.07.03-13.23.31:420][797]LogModuleManager: Shutting down and abandoning module HeadMountedDisplay (184)
[2018.07.03-13.23.31:420][797]LogModuleManager: Shutting down and abandoning module XAudio2 (182)
[2018.07.03-13.23.31:420][797]LogModuleManager: Shutting down and abandoning module Networking (180)
[2018.07.03-13.23.31:420][797]LogModuleManager: Shutting down and abandoning module Core (178)
[2018.07.03-13.23.31:420][797]LogModuleManager: Shutting down and abandoning module LevelSequence (176)
[2018.07.03-13.23.31:420][797]LogModuleManager: Shutting down and abandoning module KismetCompiler (174)
[2018.07.03-13.23.31:420][797]LogModuleManager: Shutting down and abandoning module MeshUtilities (172)
[2018.07.03-13.23.31:420][797]LogModuleManager: Shutting down and abandoning module MeshMergeUtilities (171)
[2018.07.03-13.23.31:420][797]LogModuleManager: Shutting down and abandoning module MeshReductionInterface (170)
[2018.07.03-13.23.31:420][797]LogModuleManager: Shutting down and abandoning module SimplygonSwarm (169)
[2018.07.03-13.23.31:420][797]LogModuleManager: Shutting down and abandoning module SimplygonMeshReduction (167)
[2018.07.03-13.23.31:420][797]LogModuleManager: Shutting down and abandoning module QuadricMeshReduction (165)
[2018.07.03-13.23.31:420][797]LogModuleManager: Shutting down and abandoning module MaterialBaking (161)
[2018.07.03-13.23.31:420][797]LogModuleManager: Shutting down and abandoning module DirectoryWatcher (157)
[2018.07.03-13.23.31:420][797]LogModuleManager: Shutting down and abandoning module DerivedDataCache (154)
[2018.07.03-13.23.31:508][797]LogDerivedDataCache: Shutdown
[2018.07.03-13.23.31:508][797]LogModuleManager: Shutting down and abandoning module XGEController (152)
[2018.07.03-13.23.31:508][797]LogModuleManager: Shutting down and abandoning module TargetPlatform (150)
[2018.07.03-13.23.31:508][797]LogModuleManager: Shutting down and abandoning module VulkanShaderFormat (149)
[2018.07.03-13.23.31:508][797]LogModuleManager: Shutting down and abandoning module ShaderFormatVectorVM (147)
[2018.07.03-13.23.31:508][797]LogModuleManager: Shutting down and abandoning module ShaderFormatOpenGL (145)
[2018.07.03-13.23.31:508][797]LogModuleManager: Shutting down and abandoning module ShaderFormatD3D (143)
[2018.07.03-13.23.31:508][797]LogModuleManager: Shutting down and abandoning module MetalShaderFormat (141)
[2018.07.03-13.23.31:508][797]LogModuleManager: Shutting down and abandoning module TextureFormatUncompressed (139)
[2018.07.03-13.23.31:508][797]LogModuleManager: Shutting down and abandoning module TextureFormatPVR (137)
[2018.07.03-13.23.31:508][797]LogModuleManager: Shutting down and abandoning module TextureFormatDXT (135)
[2018.07.03-13.23.31:508][797]LogModuleManager: Shutting down and abandoning module TextureFormatIntelISPCTexComp (133)
[2018.07.03-13.23.31:508][797]LogModuleManager: Shutting down and abandoning module TextureFormatASTC (131)
[2018.07.03-13.23.31:508][797]LogModuleManager: Shutting down and abandoning module ImageWrapper (130)
[2018.07.03-13.23.31:508][797]LogModuleManager: Shutting down and abandoning module TextureFormatAndroid (127)
[2018.07.03-13.23.31:508][797]LogModuleManager: Shutting down and abandoning module AudioFormatOpus (125)
[2018.07.03-13.23.31:508][797]LogModuleManager: Shutting down and abandoning module AudioFormatOgg (123)
[2018.07.03-13.23.31:508][797]LogModuleManager: Shutting down and abandoning module AudioFormatADPCM (121)
[2018.07.03-13.23.31:509][797]LogModuleManager: Shutting down and abandoning module LinuxTargetPlatform (119)
[2018.07.03-13.23.31:509][797]LogModuleManager: Shutting down and abandoning module LinuxServerTargetPlatform (117)
[2018.07.03-13.23.31:509][797]LogModuleManager: Shutting down and abandoning module LinuxNoEditorTargetPlatform (115)
[2018.07.03-13.23.31:509][797]LogModuleManager: Shutting down and abandoning module LinuxClientTargetPlatform (113)
[2018.07.03-13.23.31:509][797]LogModuleManager: Shutting down and abandoning module TVOSTargetPlatform (111)
[2018.07.03-13.23.31:509][797]LogModuleManager: Shutting down and abandoning module Messaging (109)
[2018.07.03-13.23.31:509][797]LogModuleManager: Shutting down and abandoning module IOSTargetPlatform (107)
[2018.07.03-13.23.31:509][797]LogModuleManager: Shutting down and abandoning module HTML5TargetPlatform (105)
[2018.07.03-13.23.31:509][797]LogModuleManager: Shutting down and abandoning module AndroidTargetPlatform (103)
[2018.07.03-13.23.31:509][797]LogModuleManager: Shutting down and abandoning module Android_PVRTCTargetPlatform (101)
[2018.07.03-13.23.31:509][797]LogModuleManager: Shutting down and abandoning module Android_MultiTargetPlatform (99)
[2018.07.03-13.23.31:509][797]LogModuleManager: Shutting down and abandoning module Android_ETC2TargetPlatform (97)
[2018.07.03-13.23.31:509][797]LogModuleManager: Shutting down and abandoning module Android_ETC1TargetPlatform (95)
[2018.07.03-13.23.31:509][797]LogModuleManager: Shutting down and abandoning module Android_ETC1aTargetPlatform (93)
[2018.07.03-13.23.31:509][797]LogModuleManager: Shutting down and abandoning module Android_DXTTargetPlatform (91)
[2018.07.03-13.23.31:509][797]LogModuleManager: Shutting down and abandoning module Android_ATCTargetPlatform (89)
[2018.07.03-13.23.31:509][797]LogModuleManager: Shutting down and abandoning module Android_ASTCTargetPlatform (87)
[2018.07.03-13.23.31:509][797]LogModuleManager: Shutting down and abandoning module WindowsTargetPlatform (85)
[2018.07.03-13.23.31:509][797]LogModuleManager: Shutting down and abandoning module WindowsServerTargetPlatform (83)
[2018.07.03-13.23.31:509][797]LogModuleManager: Shutting down and abandoning module WindowsNoEditorTargetPlatform (81)
[2018.07.03-13.23.31:509][797]LogModuleManager: Shutting down and abandoning module WindowsClientTargetPlatform (79)
[2018.07.03-13.23.31:509][797]LogModuleManager: Shutting down and abandoning module MacTargetPlatform (77)
[2018.07.03-13.23.31:509][797]LogModuleManager: Shutting down and abandoning module MacServerTargetPlatform (75)
[2018.07.03-13.23.31:509][797]LogModuleManager: Shutting down and abandoning module MacNoEditorTargetPlatform (73)
[2018.07.03-13.23.31:509][797]LogModuleManager: Shutting down and abandoning module MacClientTargetPlatform (71)
[2018.07.03-13.23.31:509][797]LogModuleManager: Shutting down and abandoning module AllDesktopTargetPlatform (69)
[2018.07.03-13.23.31:509][797]LogModuleManager: Shutting down and abandoning module InputCore (66)
[2018.07.03-13.23.31:509][797]LogModuleManager: Shutting down and abandoning module Settings (64)
[2018.07.03-13.23.31:509][797]LogModuleManager: Shutting down and abandoning module PhysXCooking (62)
[2018.07.03-13.23.31:509][797]LogModuleManager: Shutting down and abandoning module SteamVR (60)
[2018.07.03-13.23.31:509][797]LogModuleManager: Shutting down and abandoning module OculusHMD (58)
[2018.07.03-13.23.31:509][797]LogModuleManager: Shutting down and abandoning module ExampleDeviceProfileSelector (56)
[2018.07.03-13.23.31:509][797]LogModuleManager: Shutting down and abandoning module AppleARKit (54)
[2018.07.03-13.23.31:509][797]LogModuleManager: Shutting down and abandoning module AugmentedReality (51)
[2018.07.03-13.23.31:509][797]LogModuleManager: Shutting down and abandoning module OnlineBlueprintSupport (48)
[2018.07.03-13.23.31:509][797]LogModuleManager: Shutting down and abandoning module OnlineSubsystem (44)
[2018.07.03-13.23.31:509][797]LogModuleManager: Shutting down and abandoning module XMPP (43)
[2018.07.03-13.23.31:510][797]LogModuleManager: Shutting down and abandoning module HTTP (41)
[2018.07.03-13.23.31:510][797]LogHttp: Display: Http module shutting down, but needs to wait on 1 outstanding Http requests:
[2018.07.03-13.23.31:510][797]LogHttp: Display: 	verb=[POST] url=[https://datarouter.ol.epicgames.com/datarouter/api/v1/public/data?SessionID=%7B33625B78-401F-57DB-3A57-9BA61895FD42%7D&AppID=UEEditor.Rocket.Release&AppVersion=4.19.2-4033788%2B%2B%2BUE4%2BRelease-4.19&UserID=952520a74cbaa046424d2d9a10bbc26d%7C1e251b31f5364483866a46585c70edc5%7C6ca8e52d-7cd9-41f7-a671-b5b6dbf59f4e&AppEnvironment=datacollector-binary&UploadType=eteventstream] status=Processing
[2018.07.03-13.23.31:513][797]LogModuleManager: Shutting down and abandoning module SSL (40)
[2018.07.03-13.23.31:514][797]LogModuleManager: Shutting down and abandoning module AnimationModifiers (36)
[2018.07.03-13.23.31:514][797]LogModuleManager: Shutting down and abandoning module PropertyEditor (35)
[2018.07.03-13.23.31:514][797]LogModuleManager: Shutting down and abandoning module AudioEditor (32)
[2018.07.03-13.23.31:514][797]LogModuleManager: Shutting down and abandoning module TextureCompressor (30)
[2018.07.03-13.23.31:514][797]LogModuleManager: Shutting down and abandoning module ShaderCore (28)
[2018.07.03-13.23.31:514][797]LogModuleManager: Shutting down and abandoning module Landscape (26)
[2018.07.03-13.23.31:514][797]LogModuleManager: Shutting down and abandoning module SlateRHIRenderer (24)
[2018.07.03-13.23.31:515][797]LogModuleManager: Shutting down and abandoning module OpenGLDrv (22)
[2018.07.03-13.23.31:515][797]LogModuleManager: Shutting down and abandoning module D3D11RHI (20)
[2018.07.03-13.23.31:515][797]LogModuleManager: Shutting down and abandoning module AnimGraphRuntime (18)
[2018.07.03-13.23.31:515][797]LogModuleManager: Shutting down and abandoning module Renderer (16)
[2018.07.03-13.23.31:515][797]LogModuleManager: Shutting down and abandoning module Engine (14)
[2018.07.03-13.23.31:515][797]LogModuleManager: Shutting down and abandoning module CoreUObject (12)
[2018.07.03-13.23.31:515][797]LogModuleManager: Shutting down and abandoning module NetworkFile (10)
[2018.07.03-13.23.31:515][797]LogModuleManager: Shutting down and abandoning module CookedIterativeFile (8)
[2018.07.03-13.23.31:515][797]LogModuleManager: Shutting down and abandoning module StreamingFile (6)
[2018.07.03-13.23.31:515][797]LogModuleManager: Shutting down and abandoning module SandboxFile (4)
[2018.07.03-13.23.31:515][797]LogModuleManager: Shutting down and abandoning module PakFile (2)
[2018.07.03-13.23.31:520][797]LogExit: Exiting.
[2018.07.03-13.23.31:525][797]Log file closed, 07/03/18 10:23:31
