Log file open, 07/05/18 08:13:29
LogWindows: Failed to load 'aqProf.dll' (GetLastError=126)
LogWindows: File 'aqProf.dll' does not exist
LogWindows: Failed to load 'VtuneApi.dll' (GetLastError=126)
LogWindows: File 'VtuneApi.dll' does not exist
LogWindows: Failed to load 'VtuneApi32e.dll' (GetLastError=126)
LogWindows: File 'VtuneApi32e.dll' does not exist
LogInit: Display: Running engine for game: JengaGame
LogPlatformFile: Not using cached read wrapper
LogInit: Display: RandInit(623109667) SRandInit(623109667).
LogInit: Read version file with build ID '3944462'
LogInit: Overriding engine version to CL 4033788, compatible CL 3944462
LogInit: Registered custom module enumerator with build ID '3944462'
LogTaskGraph: Started task graph with 5 named threads and 23 total threads with 3 sets of task threads.
LogStats: Stats thread started at 0.251497
LogD3D11RHI: Aftermath initialized
LogICUInternationalization: Display: ICU TimeZone Detection - Raw Offset: -3:00, Platform Override: ''
LogModuleManager: Display: Found up-to-date module file ../../../../../Vinicius Oliveira/Git/Jenga/JengaGame/Plugins/LeapMotion/Binaries/Win64/UE4Editor-LeapMotion.dll (API version 3944462).
LogModuleManager: Display: Found up-to-date module file ../../../../../Vinicius Oliveira/Git/Jenga/JengaGame/Plugins/LeapMotion/Binaries/Win64/UE4Editor-LeapMotionEditor.dll (API version 3944462).
LogModuleManager: Display: Found up-to-date module file ../../../../../Vinicius Oliveira/Git/Jenga/JengaGame/Plugins/LeapMotion/Binaries/Win64/UE4Editor-BodyState.dll (API version 3944462).
LogModuleManager: Display: Found up-to-date module file ../../../Engine/Plugins/2D/Paper2D/Binaries/Win64/UE4Editor-Paper2D.dll (API version 3944462).
LogModuleManager: Display: Found up-to-date module file ../../../Engine/Plugins/2D/Paper2D/Binaries/Win64/UE4Editor-Paper2DEditor.dll (API version 3944462).
LogModuleManager: Display: Found up-to-date module file ../../../Engine/Plugins/2D/Paper2D/Binaries/Win64/UE4Editor-PaperSpriteSheetImporter.dll (API version 3944462).
LogModuleManager: Display: Found up-to-date module file ../../../Engine/Plugins/2D/Paper2D/Binaries/Win64/UE4Editor-PaperTiledImporter.dll (API version 3944462).
LogModuleManager: Display: Found up-to-date module file ../../../Engine/Plugins/2D/Paper2D/Binaries/Win64/UE4Editor-SmartSnapping.dll (API version 3944462).
LogModuleManager: Display: Found up-to-date module file ../../../Engine/Plugins/Blendables/LightPropagationVolume/Binaries/Win64/UE4Editor-LightPropagationVolumeRuntime.dll (API version 3944462).
LogModuleManager: Display: Found up-to-date module file ../../../Engine/Plugins/Blendables/LightPropagationVolume/Binaries/Win64/UE4Editor-LightPropagationVolumeEditor.dll (API version 3944462).
LogModuleManager: Display: Found up-to-date module file ../../../Engine/Plugins/Developer/CLionSourceCodeAccess/Binaries/Win64/UE4Editor-CLionSourceCodeAccess.dll (API version 3944462).
LogModuleManager: Display: Found up-to-date module file ../../../Engine/Plugins/Developer/GitSourceControl/Binaries/Win64/UE4Editor-GitSourceControl.dll (API version 3944462).
LogModuleManager: Display: Found up-to-date module file ../../../Engine/Plugins/Developer/PerforceSourceControl/Binaries/Win64/UE4Editor-PerforceSourceControl.dll (API version 3944462).
LogModuleManager: Display: Found up-to-date module file ../../../Engine/Plugins/Developer/SubversionSourceControl/Binaries/Win64/UE4Editor-SubversionSourceControl.dll (API version 3944462).
LogModuleManager: Display: Found up-to-date module file ../../../Engine/Plugins/Developer/UObjectPlugin/Binaries/Win64/UE4Editor-UObjectPlugin.dll (API version 3944462).
LogModuleManager: Display: Found up-to-date module file ../../../Engine/Plugins/Developer/VisualStudioCodeSourceCodeAccess/Binaries/Win64/UE4Editor-VisualStudioCodeSourceCodeAccess.dll (API version 3944462).
LogModuleManager: Display: Found up-to-date module file ../../../Engine/Plugins/Developer/VisualStudioSourceCodeAccess/Binaries/Win64/UE4Editor-VisualStudioSourceCodeAccess.dll (API version 3944462).
LogModuleManager: Display: Found up-to-date module file ../../../Engine/Plugins/Editor/AssetManagerEditor/Binaries/Win64/UE4Editor-AssetManagerEditor.dll (API version 3944462).
LogModuleManager: Display: Found up-to-date module file ../../../Engine/Plugins/Editor/CryptoKeys/Binaries/Win64/UE4Editor-CryptoKeys.dll (API version 3944462).
LogModuleManager: Display: Found up-to-date module file ../../../Engine/Plugins/Editor/CryptoKeys/Binaries/Win64/UE4Editor-CryptoKeysOpenSSL.dll (API version 3944462).
LogModuleManager: Display: Found up-to-date module file ../../../Engine/Plugins/Editor/DataValidation/Binaries/Win64/UE4Editor-DataValidation.dll (API version 3944462).
LogModuleManager: Display: Found up-to-date module file ../../../Engine/Plugins/Editor/FacialAnimation/Binaries/Win64/UE4Editor-FacialAnimation.dll (API version 3944462).
LogModuleManager: Display: Found up-to-date module file ../../../Engine/Plugins/Editor/FacialAnimation/Binaries/Win64/UE4Editor-FacialAnimationEditor.dll (API version 3944462).
LogModuleManager: Display: Found up-to-date module file ../../../Engine/Plugins/Editor/GameplayTagsEditor/Binaries/Win64/UE4Editor-GameplayTagsEditor.dll (API version 3944462).
LogModuleManager: Display: Found up-to-date module file ../../../Engine/Plugins/Editor/MobileLauncherProfileWizard/Binaries/Win64/UE4Editor-MobileLauncherProfileWizard.dll (API version 3944462).
LogModuleManager: Display: Found up-to-date module file ../../../Engine/Plugins/Editor/PluginBrowser/Binaries/Win64/UE4Editor-PluginBrowser.dll (API version 3944462).
LogModuleManager: Display: Found up-to-date module file ../../../Engine/Plugins/Editor/SpeedTreeImporter/Binaries/Win64/UE4Editor-SpeedTreeImporter.dll (API version 3944462).
LogModuleManager: Display: Found up-to-date module file ../../../Engine/Plugins/Enterprise/DatasmithContent/Binaries/Win64/UE4Editor-DatasmithContent.dll (API version 3944462).
LogModuleManager: Display: Found up-to-date module file ../../../Engine/Plugins/Experimental/AlembicImporter/Binaries/Win64/UE4Editor-AlembicImporter.dll (API version 3944462).
LogModuleManager: Display: Found up-to-date module file ../../../Engine/Plugins/Experimental/AlembicImporter/Binaries/Win64/UE4Editor-AlembicLibrary.dll (API version 3944462).
LogModuleManager: Display: Found up-to-date module file ../../../Engine/Plugins/Experimental/CharacterAI/Binaries/Win64/UE4Editor-CharacterAI.dll (API version 3944462).
LogModuleManager: Display: Found up-to-date module file ../../../Engine/Plugins/Experimental/HTML5Networking/Binaries/Win64/UE4Editor-HTML5Networking.dll (API version 3944462).
LogModuleManager: Display: Found up-to-date module file ../../../Engine/Plugins/Media/AndroidMedia/Binaries/Win64/UE4Editor-AndroidMediaEditor.dll (API version 3944462).
LogModuleManager: Display: Found up-to-date module file ../../../Engine/Plugins/Media/AndroidMedia/Binaries/Win64/UE4Editor-AndroidMediaFactory.dll (API version 3944462).
LogModuleManager: Display: Found up-to-date module file ../../../Engine/Plugins/Media/AvfMedia/Binaries/Win64/UE4Editor-AvfMediaEditor.dll (API version 3944462).
LogModuleManager: Display: Found up-to-date module file ../../../Engine/Plugins/Media/AvfMedia/Binaries/Win64/UE4Editor-AvfMediaFactory.dll (API version 3944462).
LogModuleManager: Display: Found up-to-date module file ../../../Engine/Plugins/Media/AvfMedia/Binaries/Win64/UE4Editor-AvfMediaFactory.dll (API version 3944462).
LogModuleManager: Display: Found up-to-date module file ../../../Engine/Plugins/Media/ImgMedia/Binaries/Win64/UE4Editor-ImgMedia.dll (API version 3944462).
LogModuleManager: Display: Found up-to-date module file ../../../Engine/Plugins/Media/ImgMedia/Binaries/Win64/UE4Editor-ImgMediaEditor.dll (API version 3944462).
LogModuleManager: Display: Found up-to-date module file ../../../Engine/Plugins/Media/ImgMedia/Binaries/Win64/UE4Editor-ImgMediaFactory.dll (API version 3944462).
LogModuleManager: Display: Found up-to-date module file ../../../Engine/Plugins/Media/ImgMedia/Binaries/Win64/UE4Editor-ImgMediaFactory.dll (API version 3944462).
LogModuleManager: Display: Found up-to-date module file ../../../Engine/Plugins/Media/ImgMedia/Binaries/Win64/UE4Editor-OpenExrWrapper.dll (API version 3944462).
LogModuleManager: Display: Found up-to-date module file ../../../Engine/Plugins/Media/LinearTimecode/Binaries/Win64/UE4Editor-LinearTimecode.dll (API version 3944462).
LogModuleManager: Display: Found up-to-date module file ../../../Engine/Plugins/Media/MediaCompositing/Binaries/Win64/UE4Editor-MediaCompositing.dll (API version 3944462).
LogModuleManager: Display: Found up-to-date module file ../../../Engine/Plugins/Media/MediaCompositing/Binaries/Win64/UE4Editor-MediaCompositingEditor.dll (API version 3944462).
LogModuleManager: Display: Found up-to-date module file ../../../Engine/Plugins/Media/MediaPlayerEditor/Binaries/Win64/UE4Editor-MediaPlayerEditor.dll (API version 3944462).
LogModuleManager: Display: Found up-to-date module file ../../../Engine/Plugins/Media/WmfMedia/Binaries/Win64/UE4Editor-WmfMedia.dll (API version 3944462).
LogModuleManager: Display: Found up-to-date module file ../../../Engine/Plugins/Media/WmfMedia/Binaries/Win64/UE4Editor-WmfMediaEditor.dll (API version 3944462).
LogModuleManager: Display: Found up-to-date module file ../../../Engine/Plugins/Media/WmfMedia/Binaries/Win64/UE4Editor-WmfMediaFactory.dll (API version 3944462).
LogModuleManager: Display: Found up-to-date module file ../../../Engine/Plugins/Media/WmfMedia/Binaries/Win64/UE4Editor-WmfMediaFactory.dll (API version 3944462).
LogModuleManager: Display: Found up-to-date module file ../../../Engine/Plugins/Messaging/TcpMessaging/Binaries/Win64/UE4Editor-TcpMessaging.dll (API version 3944462).
LogModuleManager: Display: Found up-to-date module file ../../../Engine/Plugins/Messaging/UdpMessaging/Binaries/Win64/UE4Editor-UdpMessaging.dll (API version 3944462).
LogModuleManager: Display: Found up-to-date module file ../../../Engine/Plugins/MovieScene/ActorSequence/Binaries/Win64/UE4Editor-ActorSequence.dll (API version 3944462).
LogModuleManager: Display: Found up-to-date module file ../../../Engine/Plugins/MovieScene/LevelSequenceEditor/Binaries/Win64/UE4Editor-LevelSequenceEditor.dll (API version 3944462).
LogModuleManager: Display: Found up-to-date module file ../../../Engine/Plugins/MovieScene/MatineeToLevelSequence/Binaries/Win64/UE4Editor-MatineeToLevelSequence.dll (API version 3944462).
LogModuleManager: Display: Found up-to-date module file ../../../Engine/Plugins/NetcodeUnitTest/NetcodeUnitTest/Binaries/Win64/UE4Editor-NetcodeUnitTest.dll (API version 3944462).
LogModuleManager: Display: Found up-to-date module file ../../../Engine/Plugins/NetcodeUnitTest/NUTUnrealEngine4/Binaries/Win64/UE4Editor-NUTUnrealEngine4.dll (API version 3944462).
LogModuleManager: Display: Found up-to-date module file ../../../Engine/Plugins/Online/OnlineSubsystem/Binaries/Win64/UE4Editor-OnlineSubsystem.dll (API version 3944462).
LogModuleManager: Display: Found up-to-date module file ../../../Engine/Plugins/Runtime/AndroidPermission/Binaries/Win64/UE4Editor-AndroidPermission.dll (API version 3944462).
LogModuleManager: Display: Found up-to-date module file ../../../Engine/Plugins/Online/OnlineSubsystemNull/Binaries/Win64/UE4Editor-OnlineSubsystemNull.dll (API version 3944462).
LogModuleManager: Display: Found up-to-date module file ../../../Engine/Plugins/Online/OnlineSubsystemUtils/Binaries/Win64/UE4Editor-OnlineSubsystemUtils.dll (API version 3944462).
LogModuleManager: Display: Found up-to-date module file ../../../Engine/Plugins/Online/OnlineSubsystemUtils/Binaries/Win64/UE4Editor-OnlineBlueprintSupport.dll (API version 3944462).
LogModuleManager: Display: Found up-to-date module file ../../../Engine/Plugins/Runtime/AndroidDeviceProfileSelector/Binaries/Win64/UE4Editor-AndroidDeviceProfileSelector.dll (API version 3944462).
LogModuleManager: Display: Found up-to-date module file ../../../Engine/Plugins/Runtime/AppleARKit/Binaries/Win64/UE4Editor-AppleARKit.dll (API version 3944462).
LogModuleManager: Display: Found up-to-date module file ../../../Engine/Plugins/Runtime/ProceduralMeshComponent/Binaries/Win64/UE4Editor-ProceduralMeshComponent.dll (API version 3944462).
LogModuleManager: Display: Found up-to-date module file ../../../Engine/Plugins/Runtime/ProceduralMeshComponent/Binaries/Win64/UE4Editor-ProceduralMeshComponentEditor.dll (API version 3944462).
LogModuleManager: Display: Found up-to-date module file ../../../Engine/Plugins/Animation/LiveLink/Binaries/Win64/UE4Editor-LiveLink.dll (API version 3944462).
LogModuleManager: Display: Found up-to-date module file ../../../Engine/Plugins/Animation/LiveLink/Binaries/Win64/UE4Editor-LiveLinkEditor.dll (API version 3944462).
LogModuleManager: Display: Found up-to-date module file ../../../Engine/Plugins/Runtime/ArchVisCharacter/Binaries/Win64/UE4Editor-ArchVisCharacter.dll (API version 3944462).
LogModuleManager: Display: Found up-to-date module file ../../../Engine/Plugins/Runtime/AudioCapture/Binaries/Win64/UE4Editor-AudioCapture.dll (API version 3944462).
LogModuleManager: Display: Found up-to-date module file ../../../Engine/Plugins/Runtime/AudioCapture/Binaries/Win64/UE4Editor-AudioCaptureEditor.dll (API version 3944462).
LogModuleManager: Display: Found up-to-date module file ../../../Engine/Plugins/Runtime/CableComponent/Binaries/Win64/UE4Editor-CableComponent.dll (API version 3944462).
LogModuleManager: Display: Found up-to-date module file ../../../Engine/Plugins/Runtime/CustomMeshComponent/Binaries/Win64/UE4Editor-CustomMeshComponent.dll (API version 3944462).
LogModuleManager: Display: Found up-to-date module file ../../../Engine/Plugins/Runtime/ExampleDeviceProfileSelector/Binaries/Win64/UE4Editor-ExampleDeviceProfileSelector.dll (API version 3944462).
LogModuleManager: Display: Found up-to-date module file ../../../Engine/Plugins/Runtime/ImmediatePhysics/Binaries/Win64/UE4Editor-ImmediatePhysics.dll (API version 3944462).
LogModuleManager: Display: Found up-to-date module file ../../../Engine/Plugins/Runtime/ImmediatePhysics/Binaries/Win64/UE4Editor-ImmediatePhysicsEditor.dll (API version 3944462).
LogModuleManager: Display: Found up-to-date module file ../../../Engine/Plugins/Runtime/LocationServicesBPLibrary/Binaries/Win64/UE4Editor-LocationServicesBPLibrary.dll (API version 3944462).
LogModuleManager: Display: Found up-to-date module file ../../../Engine/Plugins/Runtime/MobilePatchingUtils/Binaries/Win64/UE4Editor-MobilePatchingUtils.dll (API version 3944462).
LogModuleManager: Display: Found up-to-date module file ../../../Engine/Plugins/Runtime/Oculus/OculusVR/Binaries/Win64/UE4Editor-OculusHMD.dll (API version 3944462).
LogModuleManager: Display: Found up-to-date module file ../../../Engine/Plugins/Runtime/Oculus/OculusVR/Binaries/Win64/UE4Editor-OculusInput.dll (API version 3944462).
LogModuleManager: Display: Found up-to-date module file ../../../Engine/Plugins/Runtime/Oculus/OculusVR/Binaries/Win64/UE4Editor-OculusEditor.dll (API version 3944462).
LogModuleManager: Display: Found up-to-date module file ../../../Engine/Plugins/Runtime/PhysXVehicles/Binaries/Win64/UE4Editor-PhysXVehicles.dll (API version 3944462).
LogModuleManager: Display: Found up-to-date module file ../../../Engine/Plugins/Runtime/PhysXVehicles/Binaries/Win64/UE4Editor-PhysXVehiclesEditor.dll (API version 3944462).
LogModuleManager: Display: Found up-to-date module file ../../../Engine/Plugins/Runtime/RuntimePhysXCooking/Binaries/Win64/UE4Editor-RuntimePhysXCooking.dll (API version 3944462).
LogModuleManager: Display: Found up-to-date module file ../../../Engine/Plugins/Runtime/Steam/SteamVR/Binaries/Win64/UE4Editor-SteamVR.dll (API version 3944462).
LogModuleManager: Display: Found up-to-date module file ../../../Engine/Plugins/Runtime/Steam/SteamVR/Binaries/Win64/UE4Editor-SteamVRController.dll (API version 3944462).
LogModuleManager: Display: Found up-to-date module file ../../../Engine/Plugins/Runtime/WindowsMoviePlayer/Binaries/Win64/UE4Editor-WindowsMoviePlayer.dll (API version 3944462).
LogPluginManager: Mounting plugin Paper2D
LogPluginManager: Mounting plugin LiveLink
LogPluginManager: Mounting plugin LightPropagationVolume
LogPluginManager: Mounting plugin CLionSourceCodeAccess
LogPluginManager: Mounting plugin CodeLiteSourceCodeAccess
LogPluginManager: Mounting plugin GitSourceControl
LogPluginManager: Mounting plugin KDevelopSourceCodeAccess
LogPluginManager: Mounting plugin NullSourceCodeAccess
LogPluginManager: Mounting plugin PerforceSourceControl
LogPluginManager: Mounting plugin SubversionSourceControl
LogPluginManager: Mounting plugin UObjectPlugin
LogPluginManager: Mounting plugin VisualStudioCodeSourceCodeAccess
LogPluginManager: Mounting plugin VisualStudioSourceCodeAccess
LogPluginManager: Mounting plugin XCodeSourceCodeAccess
LogPluginManager: Mounting plugin AssetManagerEditor
LogPluginManager: Mounting plugin CryptoKeys
LogPluginManager: Mounting plugin DataValidation
LogPluginManager: Mounting plugin FacialAnimation
LogPluginManager: Mounting plugin GameplayTagsEditor
LogPluginManager: Mounting plugin MobileLauncherProfileWizard
LogPluginManager: Mounting plugin PluginBrowser
LogPluginManager: Mounting plugin SpeedTreeImporter
LogPluginManager: Mounting plugin DatasmithContent
LogPluginManager: Mounting plugin AlembicImporter
LogPluginManager: Mounting plugin CharacterAI
LogPluginManager: Mounting plugin HTML5Networking
LogPluginManager: Mounting plugin AndroidMedia
LogPluginManager: Mounting plugin AvfMedia
LogPluginManager: Mounting plugin ImgMedia
LogPluginManager: Mounting plugin LinearTimecode
LogPluginManager: Mounting plugin MediaCompositing
LogPluginManager: Mounting plugin MediaPlayerEditor
LogPluginManager: Mounting plugin WmfMedia
LogPluginManager: Mounting plugin TcpMessaging
LogPluginManager: Mounting plugin UdpMessaging
LogPluginManager: Mounting plugin ActorSequence
LogPluginManager: Mounting plugin LevelSequenceEditor
LogPluginManager: Mounting plugin MatineeToLevelSequence
LogPluginManager: Mounting plugin NetcodeUnitTest
LogPluginManager: Mounting plugin NUTUnrealEngine4
LogPluginManager: Mounting plugin OnlineSubsystemGooglePlay
LogPluginManager: Mounting plugin OnlineSubsystemIOS
LogPluginManager: Mounting plugin OnlineSubsystem
LogPluginManager: Mounting plugin OnlineSubsystemNull
LogPluginManager: Mounting plugin OnlineSubsystemUtils
LogPluginManager: Mounting plugin AndroidDeviceProfileSelector
LogPluginManager: Mounting plugin AndroidMoviePlayer
LogPluginManager: Mounting plugin AndroidPermission
LogPluginManager: Mounting plugin AppleARKit
LogPluginManager: Mounting plugin AppleMoviePlayer
LogPluginManager: Mounting plugin ArchVisCharacter
LogPluginManager: Mounting plugin AudioCapture
LogPluginManager: Mounting plugin CableComponent
LogPluginManager: Mounting plugin CustomMeshComponent
LogPluginManager: Mounting plugin ExampleDeviceProfileSelector
LogPluginManager: Mounting plugin GoogleCloudMessaging
LogPluginManager: Mounting plugin ImmediatePhysics
LogPluginManager: Mounting plugin IOSDeviceProfileSelector
LogPluginManager: Mounting plugin LeapMotion
LogPluginManager: Mounting plugin LinuxDeviceProfileSelector
LogPluginManager: Mounting plugin LocationServicesBPLibrary
LogPluginManager: Mounting plugin MobilePatchingUtils
LogPluginManager: Mounting plugin OculusVR
LogPluginManager: Plugin shader directory ../../../Engine/Plugins/Runtime/Oculus/OculusVR/Shaders found
LogPluginManager: Mapping shader source directory ../../../Engine/Plugins/Runtime/Oculus/OculusVR/Shaders to virtual directory /Plugin/OculusVR
LogPluginManager: Mounting plugin PhysXVehicles
LogPluginManager: Mounting plugin ProceduralMeshComponent
LogPluginManager: Mounting plugin RuntimePhysXCooking
LogPluginManager: Mounting plugin SteamVR
LogPluginManager: Mounting plugin WindowsMoviePlayer
LogStreaming: Display: Took  1.335s to configure plugins.
LogInit: Using libcurl 7.47.1
LogInit:  - built for x86_64-pc-win32
LogInit:  - supports SSL with OpenSSL/1.0.2g
LogInit:  - supports HTTP deflate (compression) using libz 1.2.8
LogInit:  - other features:
LogInit:      CURL_VERSION_SSL
LogInit:      CURL_VERSION_LIBZ
LogInit:      CURL_VERSION_IPV6
LogInit:      CURL_VERSION_ASYNCHDNS
LogInit:      CURL_VERSION_LARGEFILE
LogInit:      CURL_VERSION_IDN
LogInit:  CurlRequestOptions (configurable via config and command line):
LogInit:  - bVerifyPeer = false  - Libcurl will NOT verify peer certificate
LogInit:  - bUseHttpProxy = false  - Libcurl will NOT use HTTP proxy
LogInit:  - bDontReuseConnections = false  - Libcurl will reuse connections
LogInit:  - CertBundlePath = nullptr  - Libcurl will use whatever was configured at build time.
LogInit:  - MaxHostConnections = 16  - Libcurl will limit the number of connections to a host
LogInit:  - LocalHostAddr = Default
LogInit: WinSock: version 1.1 (2.2), MaxSocks=32767, MaxUdp=65467
LogInit: WinSock: I am INTERLAB-XPS (143.107.164.150:0)
LogInit: Build: ++UE4+Release-4.19-CL-4033788
LogInit: Engine Version: 4.19.2-4033788+++UE4+Release-4.19
LogInit: Compatible Engine Version: 4.19.0-3944462+++UE4+Release-4.19
LogInit: Net CL: 3944462
LogDevObjectVersion: Number of dev versions registered: 18
LogDevObjectVersion:   Dev-Blueprints (B0D832E4-1F89-4F0D-ACCF-7EB736FD4AA2): 10
LogDevObjectVersion:   Dev-Build (E1C64328-A22C-4D53-A36C-8E866417BD8C): 0
LogDevObjectVersion:   Dev-Core (375EC13C-06E4-48FB-B500-84F0262A717E): 2
LogDevObjectVersion:   Dev-Editor (E4B068ED-F494-42E9-A231-DA0B2E46BB41): 23
LogDevObjectVersion:   Dev-Framework (CFFC743F-43B0-4480-9391-14DF171D2073): 33
LogDevObjectVersion:   Dev-Mobile (B02B49B5-BB20-44E9-A304-32B752E40360): 2
LogDevObjectVersion:   Dev-Networking (A4E4105C-59A1-49B5-A7C5-40C4547EDFEE): 0
LogDevObjectVersion:   Dev-Online (39C831C9-5AE6-47DC-9A44-9C173E1C8E7C): 0
LogDevObjectVersion:   Dev-Physics (78F01B33-EBEA-4F98-B9B4-84EACCB95AA2): 0
LogDevObjectVersion:   Dev-Platform (6631380F-2D4D-43E0-8009-CF276956A95A): 0
LogDevObjectVersion:   Dev-Rendering (12F88B9F-8875-4AFC-A67C-D90C383ABD29): 25
LogDevObjectVersion:   Dev-Sequencer (7B5AE74C-D270-4C10-A958-57980B212A5A): 6
LogDevObjectVersion:   Dev-VR (D7296918-1DD6-4BDD-9DE2-64A83CC13884): 1
LogDevObjectVersion:   Dev-LoadTimes (C2A15278-BFE7-4AFE-6C17-90FF531DF755): 1
LogDevObjectVersion:   Private-Geometry (6EACA3D4-40EC-4CC1-B786-8BED09428FC5): 2
LogDevObjectVersion:   Dev-AnimPhys (29E575DD-E0A3-4627-9D10-D276232CDCEA): 16
LogDevObjectVersion:   Dev-ReflectionCapture (6B266CEC-1EC7-4B8F-A30B-E4D90942FC07): 1
LogDevObjectVersion:   Dev-Automation (0DF73D61-A23F-47EA-B727-89E90C41499A): 1
LogInit: Compiled (64-bit): Apr 27 2018 02:06:57
LogInit: Compiled with Visual C++: 19.00.24215.01
LogInit: Build Configuration: Development
LogInit: Branch Name: ++UE4+Release-4.19
LogInit: Command Line:  
LogInit: Base Directory: D:/Epic Games/UE_4.19/Engine/Binaries/Win64/
LogInit: Installed Engine Build: 1
LogStreaming: Display: Took  0.080s to delete old logs.
LogInit: Presizing for max 8388607 objects, including 0 objects not considered by GC, pre-allocating 0 bytes for permanent pool.
LogInit: Object subsystem initialized
[2018.07.05-11.13.30:737][  0]LogInit: Selected Device Profile: [Windows]
[2018.07.05-11.13.30:737][  0]LogInit: Applying CVar settings loaded from the selected device profile: [Windows]
[2018.07.05-11.13.30:762][  0]LogInit: Computer: INTERLAB-XPS
[2018.07.05-11.13.30:762][  0]LogInit: User: INTERLAB
[2018.07.05-11.13.30:762][  0]LogInit: CPU Page size=4096, Cores=4
[2018.07.05-11.13.30:762][  0]LogInit: High frequency timer resolution =4.101567 MHz
[2018.07.05-11.13.30:762][  0]LogMemory: Memory total: Physical=15.9GB (16GB approx)
[2018.07.05-11.13.30:762][  0]LogMemory: Platform Memory Stats for Windows
[2018.07.05-11.13.30:762][  0]LogMemory: Process Physical Memory: 282.91 MB used, 282.91 MB peak
[2018.07.05-11.13.30:762][  0]LogMemory: Process Virtual Memory: 271.95 MB used, 271.95 MB peak
[2018.07.05-11.13.30:762][  0]LogMemory: Physical Memory: 8298.70 MB used,  7988.81 MB free, 16287.50 MB total
[2018.07.05-11.13.30:762][  0]LogMemory: Virtual Memory: 4848.09 MB used,  7988.81 MB free, 134217728.00 MB total
[2018.07.05-11.13.30:773][  0]LogInit: Overriding language with editor language configuration option (en).
[2018.07.05-11.13.30:773][  0]LogInit: Overriding locale with editor locale configuration option (en).
[2018.07.05-11.13.31:087][  0]LogStreaming: Display: Took  0.313s to EndInitTextLocalization.
[2018.07.05-11.13.31:087][  0]LogInit: Setting process to per monitor DPI aware
[2018.07.05-11.13.31:115][  0]LogSlate: New Slate User Created.  User Index 0, Is Virtual User: 0
[2018.07.05-11.13.31:115][  0]LogSlate: Slate User Registered.  User Index 0, Is Virtual User: 0
[2018.07.05-11.13.31:251][  0]LogD3D11RHI: D3D11 adapters:
[2018.07.05-11.13.31:257][  0]LogD3D11RHI:    0. 'Intel(R) HD Graphics 630' (Feature Level 11_0)
[2018.07.05-11.13.31:257][  0]LogD3D11RHI:       128/0/8143 MB DedicatedVideo/DedicatedSystem/SharedSystem, Outputs:1, VendorId:0x8086
[2018.07.05-11.13.31:298][  0]LogD3D11RHI:    1. 'NVIDIA GeForce GTX 1070' (Feature Level 11_0)
[2018.07.05-11.13.31:298][  0]LogD3D11RHI:       8096/0/8143 MB DedicatedVideo/DedicatedSystem/SharedSystem, Outputs:1, VendorId:0x10de
[2018.07.05-11.13.31:299][  0]LogD3D11RHI:    2. 'Microsoft Basic Render Driver' (Feature Level 11_0)
[2018.07.05-11.13.31:299][  0]LogD3D11RHI:       0/0/8143 MB DedicatedVideo/DedicatedSystem/SharedSystem, Outputs:0, VendorId:0x1414
[2018.07.05-11.13.31:299][  0]LogD3D11RHI: Chosen D3D11 Adapter: 1
[2018.07.05-11.13.31:305][  0]LogD3D11RHI: Creating new Direct3DDevice
[2018.07.05-11.13.31:305][  0]LogD3D11RHI:     GPU DeviceId: 0x1b81 (for the marketing name, search the web for "GPU Device Id")
[2018.07.05-11.13.31:305][  0]LogWindows: EnumDisplayDevices:
[2018.07.05-11.13.31:305][  0]LogWindows:    0. 'NVIDIA GeForce GTX 1070' (P:0 D:1)
[2018.07.05-11.13.31:305][  0]LogWindows:    1. 'NVIDIA GeForce GTX 1070' (P:0 D:0)
[2018.07.05-11.13.31:305][  0]LogWindows:    2. 'NVIDIA GeForce GTX 1070' (P:0 D:0)
[2018.07.05-11.13.31:306][  0]LogWindows:    3. 'NVIDIA GeForce GTX 1070' (P:0 D:0)
[2018.07.05-11.13.31:306][  0]LogWindows:    4. 'Intel(R) HD Graphics 630' (P:1 D:1)
[2018.07.05-11.13.31:306][  0]LogWindows:    5. 'Intel(R) HD Graphics 630' (P:0 D:0)
[2018.07.05-11.13.31:306][  0]LogWindows:    6. 'Intel(R) HD Graphics 630' (P:0 D:0)
[2018.07.05-11.13.31:306][  0]LogWindows: DebugString: GetVideoDriverDetailsInvalid PrimaryIsNotTheChoosenAdapter GetVideoDriverDetailsInvalid PrimaryIsNotTheChoosenAdapter GetVideoDriverDetailsInvalid PrimaryIsNotTheChoosenAdapter GetVideoDriverDetailsInvalid PrimaryIsNotTheChoosenAdapter GetVideoDriverDetailsInvalid PrimaryIsNotTheChoosenAdapter GetVideoDriverDetailsInvalid PrimaryIsNotTheChoosenAdapter GetVideoDriverDetailsInvalid PrimaryIsNotTheChoosenAdapter FoundDriverCount:0 
[2018.07.05-11.13.31:306][  0]LogD3D11RHI:     Adapter Name: NVIDIA GeForce GTX 1070
[2018.07.05-11.13.31:306][  0]LogD3D11RHI:   Driver Version: Unknown (internal:Unknown, unified:Unknown)
[2018.07.05-11.13.31:306][  0]LogD3D11RHI:      Driver Date: Unknown
[2018.07.05-11.13.31:306][  0]LogRHI: Texture pool is 5667 MB (70% of 8096 MB)
[2018.07.05-11.13.31:329][  0]LogD3D11RHI: [Aftermath] Aftermath enabled but failed to initialize
[2018.07.05-11.13.31:330][  0]LogD3D11RHI: [Aftermath] Aftermath enabled and primed
[2018.07.05-11.13.31:330][  0]LogD3D11RHI: Async texture creation enabled
[2018.07.05-11.13.31:339][  0]LogD3D11RHI: GPU Timing Frequency: 1000.000000 (Debug: 2 1)
[2018.07.05-11.13.31:340][  0]LogShaderCompilers: Guid format shader working directory is -4 characters bigger than the processId version (../../../../../Vinicius Oliveira/Git/Jenga/JengaGame/Intermediate/Shaders/WorkingDirectory/13808/).
[2018.07.05-11.13.31:340][  0]LogShaderCompilers: Cleaned the shader compiler working directory 'C:/Users/INTERLAB/AppData/Local/Temp/UnrealShaderWorkingDir/1AB282FF49F746FC8CEE498BE197554E/'.
[2018.07.05-11.13.31:637][  0]LogTemp: Display: Loaded TP AllDesktopTargetPlatform
[2018.07.05-11.13.31:647][  0]LogTemp: Display: Loaded TP MacClientTargetPlatform
[2018.07.05-11.13.31:656][  0]LogTemp: Display: Loaded TP MacNoEditorTargetPlatform
[2018.07.05-11.13.31:666][  0]LogTemp: Display: Loaded TP MacServerTargetPlatform
[2018.07.05-11.13.31:676][  0]LogTemp: Display: Loaded TP MacTargetPlatform
[2018.07.05-11.13.31:685][  0]LogTemp: Display: Loaded TP WindowsClientTargetPlatform
[2018.07.05-11.13.31:695][  0]LogTemp: Display: Loaded TP WindowsNoEditorTargetPlatform
[2018.07.05-11.13.31:704][  0]LogTemp: Display: Loaded TP WindowsServerTargetPlatform
[2018.07.05-11.13.31:709][  0]LogTemp: Display: Loaded TP WindowsTargetPlatform
[2018.07.05-11.13.31:717][  0]LogTemp: Display: Loaded TP Android_ASTCTargetPlatform
[2018.07.05-11.13.31:726][  0]LogTemp: Display: Loaded TP Android_ATCTargetPlatform
[2018.07.05-11.13.31:735][  0]LogTemp: Display: Loaded TP Android_DXTTargetPlatform
[2018.07.05-11.13.31:743][  0]LogTemp: Display: Loaded TP Android_ETC1aTargetPlatform
[2018.07.05-11.13.31:752][  0]LogTemp: Display: Loaded TP Android_ETC1TargetPlatform
[2018.07.05-11.13.31:761][  0]LogTemp: Display: Loaded TP Android_ETC2TargetPlatform
[2018.07.05-11.13.31:779][  0]LogTemp: Display: Loaded TP Android_MultiTargetPlatform
[2018.07.05-11.13.31:779][  0]LogTemp: Display: Loaded TP Android_PVRTCTargetPlatform
[2018.07.05-11.13.31:787][  0]LogTemp: Display: Loaded TP AndroidTargetPlatform
[2018.07.05-11.13.31:788][  0]LogTemp: Display: Loaded TP HTML5TargetPlatform
[2018.07.05-11.13.31:821][  0]LogTemp: Display: Loaded TP IOSTargetPlatform
[2018.07.05-11.13.31:829][  0]LogTemp: Display: Loaded TP TVOSTargetPlatform
[2018.07.05-11.13.31:838][  0]LogTemp: Display: Loaded TP LinuxClientTargetPlatform
[2018.07.05-11.13.31:847][  0]LogTemp: Display: Loaded TP LinuxNoEditorTargetPlatform
[2018.07.05-11.13.31:855][  0]LogTemp: Display: Loaded TP LinuxServerTargetPlatform
[2018.07.05-11.13.31:864][  0]LogTemp: Display: Loaded TP LinuxTargetPlatform
[2018.07.05-11.13.31:864][  0]LogTargetPlatformManager: Display: Building Assets For Windows
[2018.07.05-11.13.31:923][  0]LogXGEController: Cannot use XGE Controller as Incredibuild is not installed on this machine.
[2018.07.05-11.13.31:923][  0]LogShaderCompilers: Cannot use XGE Shader Compiler as Incredibuild is not installed on this machine.
[2018.07.05-11.13.31:923][  0]LogShaderCompilers: Display: Using Local Shader Compiler.
[2018.07.05-11.13.32:400][  0]LogDerivedDataCache: Display: Max Cache Size: 512 MB
[2018.07.05-11.13.32:470][  0]LogDerivedDataCache: Loaded boot cache 0.07s 88MB C:/Users/INTERLAB/AppData/Local/UnrealEngine/4.19/DerivedDataCache/Boot.ddc.
[2018.07.05-11.13.32:471][  0]LogDerivedDataCache: Display: Loaded Boot cache: C:/Users/INTERLAB/AppData/Local/UnrealEngine/4.19/DerivedDataCache/Boot.ddc
[2018.07.05-11.13.32:471][  0]LogDerivedDataCache: FDerivedDataBackendGraph:  Pak pak cache file ../../../../../Vinicius Oliveira/Git/Jenga/JengaGame/DerivedDataCache/DDC.ddp not found, will not use a pak cache.
[2018.07.05-11.13.32:471][  0]LogDerivedDataCache: Unable to find inner node Pak for hierarchical cache Hierarchy.
[2018.07.05-11.13.32:471][  0]LogDerivedDataCache: FDerivedDataBackendGraph:  CompressedPak pak cache file ../../../../../Vinicius Oliveira/Git/Jenga/JengaGame/DerivedDataCache/Compressed.ddp not found, will not use a pak cache.
[2018.07.05-11.13.32:471][  0]LogDerivedDataCache: Unable to find inner node CompressedPak for hierarchical cache Hierarchy.
[2018.07.05-11.13.32:483][  0]LogDerivedDataCache: Display: Pak cache opened for reading ../../../Engine/DerivedDataCache/Compressed.ddp.
[2018.07.05-11.13.32:495][  0]LogDerivedDataCache: Using Local data cache path C:/Users/INTERLAB/AppData/Local/UnrealEngine/Common/DerivedDataCache: Writable
[2018.07.05-11.13.32:495][  0]LogDerivedDataCache: Shared data cache path not found in *engine.ini, will not use an Shared cache.
[2018.07.05-11.13.32:495][  0]LogDerivedDataCache: Unable to find inner node Shared for hierarchical cache Hierarchy.
[2018.07.05-11.13.32:503][  0]LogMaterial: Verifying Global Shaders for PCD3D_SM5
[2018.07.05-11.13.32:503][  0]LogSlate: Using Freetype 2.6.0
[2018.07.05-11.13.32:504][  0]LogSlate: SlateFontCache - WITH_FREETYPE: 1, WITH_HARFBUZZ: 1
[2018.07.05-11.13.32:504][  0]LogSlate: SlateFontCache - WITH_FREETYPE: 1, WITH_HARFBUZZ: 1
[2018.07.05-11.13.32:589][  0]LogAssetRegistry: FAssetRegistry took 0.0246 seconds to start up
[2018.07.05-11.13.32:826][  0]LogInit: Selected Device Profile: [Windows]
[2018.07.05-11.13.32:924][  0]LogSimplygon: Simplygon DLL not present - disabling.
[2018.07.05-11.13.32:925][  0]LogMeshReduction: Using SimplygonSwarm for distributed automatic mesh merging
[2018.07.05-11.13.32:925][  0]LogMeshReduction: Using QuadricMeshReduction for automatic static mesh reduction
[2018.07.05-11.13.32:926][  0]LogMeshReduction: No automatic skeletal mesh reduction module available
[2018.07.05-11.13.32:926][  0]LogMeshReduction: No automatic mesh merging module available
[2018.07.05-11.13.32:926][  0]LogMeshMerging: No automatic mesh merging module available
[2018.07.05-11.13.32:948][  0]LogNetVersion: JengaGame , NetCL: 3944462, EngineNetVer: 2, GameNetVer: 0 (Checksum: 4097671863)
[2018.07.05-11.13.33:313][  0]LogPackageLocalizationCache: Processed 10 localized package path(s) for 1 prioritized culture(s) in 0.054311 seconds
[2018.07.05-11.13.33:317][  0]LogUObjectArray: 36728 objects as part of root set at end of initial load.
[2018.07.05-11.13.33:317][  0]LogUObjectAllocator: 7314312 out of 0 bytes used by permanent object pool.
[2018.07.05-11.13.33:317][  0]LogUObjectArray: CloseDisregardForGC: 0/0 objects in disregard for GC pool
[2018.07.05-11.13.34:523][  0]LogTcpMessaging: Initializing TcpMessaging bridge
[2018.07.05-11.13.34:545][  0]LogUdpMessaging: Initializing bridge on interface 0.0.0.0:0 to multicast group 230.0.0.1:6666.
[2018.07.05-11.13.34:869][  0]SourceControl: Source control is disabled
[2018.07.05-11.13.34:869][  0]SourceControl: Source control is disabled
[2018.07.05-11.13.34:882][  0]SourceControl: Source control is disabled
[2018.07.05-11.13.34:894][  0]SourceControl: Source control is disabled
[2018.07.05-11.13.35:265][  0]LogAndroidPermission: UAndroidPermissionCallbackProxy::GetInstance
[2018.07.05-11.13.35:465][  0]LogWindows: Failed to load '../../../Engine/Binaries/ThirdParty/LeapMotion/Win64/LeapC.dll' (GetLastError=126)
[2018.07.05-11.13.35:465][  0]LogWindows: File '../../../Engine/Binaries/ThirdParty/LeapMotion/Win64/LeapC.dll' does not exist
[2018.07.05-11.13.35:465][  0]LeapMotionLog: Leap Plugin started v2.17.1
[2018.07.05-11.13.35:492][  0]LogOcInput: OculusInput pre-init called
[2018.07.05-11.13.35:576][  0]LogEngine: Initializing Engine...
[2018.07.05-11.13.35:576][  0]LogHMD: Oculus plugin initialized. Version: 4.19.2-4033788+++UE4+Release-4.19, OVRPlugin: 1.21.0
[2018.07.05-11.13.35:577][  0]LogStats: UGameplayTagsManager::ConstructGameplayTagTree: Construct from data asset -  0.000 s
[2018.07.05-11.13.35:578][  0]LogStats: UGameplayTagsManager::ConstructGameplayTagTree: GameplayTagTreeChangedEvent.Broadcast -  0.000 s
[2018.07.05-11.13.35:780][  0]LogAIModule: Creating AISystem for world Untitled
[2018.07.05-11.13.35:842][  0]LogInit: XAudio2 using 'Fones de ouvido / Alto falantes (Realtek Audio)' : 2 channels at 48 kHz using 32 bits per sample (channel mask 0x3)
[2018.07.05-11.13.35:917][  0]LogInit: FAudioDevice initialized.
[2018.07.05-11.13.36:006][  0]LogDerivedDataCache: Saved boot cache 0.09s 88MB C:/Users/INTERLAB/AppData/Local/UnrealEngine/4.19/DerivedDataCache/Boot.ddc.
[2018.07.05-11.13.36:022][  0]LogInit: Texture streaming: Enabled
[2018.07.05-11.13.36:036][  0]LogEngineSessionManager: EngineSessionManager initialized
[2018.07.05-11.13.36:047][  0]LogInit: Transaction tracking system initialized
[2018.07.05-11.13.36:062][  0]BlueprintLog: New page: Editor Load
[2018.07.05-11.13.36:114][  0]LocalizationService: Localization service is disabled
[2018.07.05-11.13.36:180][  0]LogConsoleResponse: Display: 
[2018.07.05-11.13.36:350][  0]LogCook: Display: Max memory allowance for cook 16384mb min free memory 0mb
[2018.07.05-11.13.36:350][  0]LogCook: Display: Mobile HDR setting 1
[2018.07.05-11.13.36:350][  0]LogGameplayTags: Display: UGameplayTagsManager::DoneAddingNativeTags. DelegateIsBound: 0
[2018.07.05-11.13.36:350][  0]LogStats: UGameplayTagsManager::ConstructGameplayTagTree: Construct from data asset -  0.000 s
[2018.07.05-11.13.36:350][  0]LogStats: UGameplayTagsManager::ConstructGameplayTagTree: GameplayTagTreeChangedEvent.Broadcast -  0.000 s
[2018.07.05-11.13.36:567][  0]LogFileCache: Scanning file cache for directory 'D:/Vinicius Oliveira/Git/Jenga/JengaGame/Content/' took 0.01s
[2018.07.05-11.13.36:567][  0]SourceControl: Source control is disabled
[2018.07.05-11.13.36:567][  0]Cmd: MAP LOAD FILE="../../../../../Vinicius Oliveira/Git/Jenga/JengaGame/Content/ThirdPersonBP/Maps/ThirdPersonExampleMap.umap" TEMPLATE=0 SHOWPROGRESS=1 FEATURELEVEL=3
[2018.07.05-11.13.36:597][  0]LightingResults: New page: Lighting Build
[2018.07.05-11.13.36:599][  0]MapCheck: New page: Map Check
[2018.07.05-11.13.36:599][  0]LightingResults: New page: Lighting Build
[2018.07.05-11.13.37:190][  0]LogUObjectGlobals: Created PersistentFrame Addr=0x0000027af1a6be40, Size=4, Default__BSLowPolyLeftAnimBP_C Function /LeapMotion/BodyState/BSLowPolyLeftAnimBP.BSLowPolyLeftAnimBP_C:ExecuteUbergraph_BSLowPolyLeftAnimBP
[2018.07.05-11.13.37:193][  0]LogUObjectGlobals: Destroyed PersistentFrame Addr=0x0000027af1a6be40, Size=4
[2018.07.05-11.13.37:193][  0]LogUObjectGlobals: Created PersistentFrame Addr=0x0000027af1a6be40, Size=4, Default__BSLowPolyLeftAnimBP_C Function /Engine/Transient.REINST_BSLowPolyLeftAnimBP_C_0:ExecuteUbergraph_BSLowPolyLeftAnimBP
[2018.07.05-11.13.37:195][  0]LogUObjectGlobals: Created PersistentFrame Addr=0x0000027af1a69f58, Size=4, Default__BSLowPolyLeftAnimBP_C Function /LeapMotion/BodyState/BSLowPolyLeftAnimBP.BSLowPolyLeftAnimBP_C:ExecuteUbergraph_BSLowPolyLeftAnimBP
[2018.07.05-11.13.37:241][  0]LogUObjectGlobals: Created PersistentFrame Addr=0x0000027af1a69f20, Size=4, Default__BSLowPolyRightAnimBP_C Function /LeapMotion/BodyState/BSLowPolyRightAnimBP.BSLowPolyRightAnimBP_C:ExecuteUbergraph_BSLowPolyRightAnimBP
[2018.07.05-11.13.37:244][  0]LogUObjectGlobals: Destroyed PersistentFrame Addr=0x0000027af1a69f20, Size=4
[2018.07.05-11.13.37:244][  0]LogUObjectGlobals: Created PersistentFrame Addr=0x0000027af1a69f20, Size=4, Default__BSLowPolyRightAnimBP_C Function /Engine/Transient.REINST_BSLowPolyRightAnimBP_C_1:ExecuteUbergraph_BSLowPolyRightAnimBP
[2018.07.05-11.13.37:244][  0]LogUObjectGlobals: Created PersistentFrame Addr=0x0000027af1a69dc0, Size=4, Default__BSLowPolyRightAnimBP_C Function /LeapMotion/BodyState/BSLowPolyRightAnimBP.BSLowPolyRightAnimBP_C:ExecuteUbergraph_BSLowPolyRightAnimBP
[2018.07.05-11.13.37:293][  0]LogUObjectGlobals: Created PersistentFrame Addr=0x0000027af1a69e08, Size=8, Default__BSLowPolyHand_C Function /LeapMotion/BodyState/BSLowPolyHand.BSLowPolyHand_C:ExecuteUbergraph_BSLowPolyHand
[2018.07.05-11.13.37:297][  0]LogUObjectGlobals: Destroyed PersistentFrame Addr=0x0000027af1a69e08, Size=8
[2018.07.05-11.13.37:297][  0]LogUObjectGlobals: Created PersistentFrame Addr=0x0000027af1a69e08, Size=8, Default__BSLowPolyHand_C Function /Engine/Transient.REINST_BSLowPolyHand_C_7:ExecuteUbergraph_BSLowPolyHand
[2018.07.05-11.13.37:299][  0]LogUObjectGlobals: Created PersistentFrame Addr=0x0000027af1a69b70, Size=8, Default__BSLowPolyHand_C Function /LeapMotion/BodyState/BSLowPolyHand.BSLowPolyHand_C:ExecuteUbergraph_BSLowPolyHand
[2018.07.05-11.13.37:304][  0]LogUObjectGlobals: Created PersistentFrame Addr=0x0000027af1abb040, Size=2984, Default__Adolfo_C Function /Game/Adolfo/Adolfo.Adolfo_C:ExecuteUbergraph_Adolfo
[2018.07.05-11.13.37:343][  0]LogUObjectGlobals: Destroyed PersistentFrame Addr=0x0000027af1abb040, Size=2984
[2018.07.05-11.13.37:343][  0]LogUObjectGlobals: Created PersistentFrame Addr=0x0000027add172080, Size=2984, Default__Adolfo_C Function /Engine/Transient.REINST_Adolfo_C_9:ExecuteUbergraph_Adolfo
[2018.07.05-11.13.37:349][  0]LogUObjectGlobals: Created PersistentFrame Addr=0x0000027add587040, Size=2984, Default__Adolfo_C Function /Game/Adolfo/Adolfo.Adolfo_C:ExecuteUbergraph_Adolfo
[2018.07.05-11.13.37:802][  0]LogSkeletalMesh: Skeletal Mesh found in DDC [0.282819ms] /LeapMotion/Mesh/LowPoly_Rigged_Hand_Right.LowPoly_Rigged_Hand_Right
[2018.07.05-11.13.37:807][  0]LogSkeletalMesh: Skeletal Mesh found in DDC [0.234545ms] /LeapMotion/Mesh/LowPoly_Rigged_Hand_Left.LowPoly_Rigged_Hand_Left
[2018.07.05-11.13.37:923][  0]LogAIModule: Creating AISystem for world ThirdPersonExampleMap
[2018.07.05-11.13.37:965][  0]LogEditorServer: Finished looking for orphan Actors (0.000 secs)
[2018.07.05-11.13.37:975][  0]LogUObjectGlobals: Destroyed PersistentFrame Addr=0x0000027af1a6be40, Size=4
[2018.07.05-11.13.37:975][  0]LogUObjectGlobals: Destroyed PersistentFrame Addr=0x0000027af1a69f20, Size=4
[2018.07.05-11.13.37:975][  0]LogUObjectGlobals: Destroyed PersistentFrame Addr=0x0000027af1a69e08, Size=8
[2018.07.05-11.13.37:975][  0]LogUObjectGlobals: Destroyed PersistentFrame Addr=0x0000027add172080, Size=2984
[2018.07.05-11.13.37:976][  0]Cmd: MAP CHECKDEP NOCLEARLOG
[2018.07.05-11.13.38:004][  0]MapCheck: Map check complete: 0 Error(s), 0 Warning(s), took 29.049ms to complete.
[2018.07.05-11.13.38:004][  0]LogFileHelpers: Loading map 'ThirdPersonExampleMap' took 1.437
[2018.07.05-11.13.38:109][  0]LogCollectionManager: Loaded 0 collections in 0.000698 seconds
[2018.07.05-11.13.38:150][  0]LogFileCache: Scanning file cache for directory 'D:/Vinicius Oliveira/Git/Jenga/JengaGame/Saved/Collections/' took 0.01s
[2018.07.05-11.13.38:150][  0]LogFileCache: Scanning file cache for directory 'D:/Vinicius Oliveira/Git/Jenga/JengaGame/Content/Developers/INTERLAB/Collections/' took 0.01s
[2018.07.05-11.13.38:150][  0]LogFileCache: Scanning file cache for directory 'D:/Vinicius Oliveira/Git/Jenga/JengaGame/Content/Collections/' took 0.01s
[2018.07.05-11.13.38:150][  0]LogCollectionManager: Rebuilt the GUID cache for 0 collections in 0.000000 seconds
[2018.07.05-11.13.38:157][  0]LogContentBrowser: Native class hierarchy populated in 0.0068 seconds. Added 2465 classes and 566 folders.
[2018.07.05-11.13.38:161][  0]LogContentBrowser: Native class hierarchy updated for 'WidgetCarousel' in 0.0002 seconds. Added 0 classes and 0 folders.
[2018.07.05-11.13.38:187][  0]LogContentBrowser: Native class hierarchy updated for 'AddContentDialog' in 0.0002 seconds. Added 0 classes and 0 folders.
[2018.07.05-11.13.38:191][  0]LogContentBrowser: Native class hierarchy updated for 'SceneOutliner' in 0.0003 seconds. Added 1 classes and 2 folders.
[2018.07.05-11.13.38:243][  0]LogSlate: Took 0.000570 seconds to synchronously load lazily loaded font '../../../Engine/Content/Slate/Fonts/Roboto-Regular.ttf' (155K)
[2018.07.05-11.13.38:246][  0]LogSlate: Took 0.000156 seconds to synchronously load lazily loaded font '../../../Engine/Content/Slate/Fonts/Roboto-Bold.ttf' (160K)
[2018.07.05-11.13.38:252][  0]LogSlate: Took 0.000158 seconds to synchronously load lazily loaded font '../../../Engine/Content/Editor/Slate/Fonts/FontAwesome.ttf' (139K)
[2018.07.05-11.13.38:332][  0]LogRenderer: Reallocating scene render targets to support 1036x632 Format 10 NumSamples 1 (Frame:1).
[2018.07.05-11.13.38:501][  0]LogContentBrowser: Native class hierarchy updated for 'HierarchicalLODOutliner' in 0.0002 seconds. Added 0 classes and 0 folders.
[2018.07.05-11.13.38:501][  0]LogLoad: (Engine Initialization) Total time: 10.49 seconds
[2018.07.05-11.13.38:501][  0]LogLoad: (Engine Initialization) Total Blueprint compile time: 0.00 seconds
[2018.07.05-11.13.38:510][  0]LogWindowsTextInputMethodSystem: Display: IME system now deactivated.
[2018.07.05-11.13.38:511][  0]LogOcInput: OculusInput is initialized
[2018.07.05-11.13.38:753][  0]LeapMotionLog: serviceMessageLoop started.
[2018.07.05-11.13.38:753][  0]BodyStateLog: BodyState::DeviceAttached: Leap Motion (1)
[2018.07.05-11.13.38:754][  0]BodyStateLog: BodyState::DeviceAttached: HMD (2)
[2018.07.05-11.13.38:773][  0]LogAssetRegistry: Asset discovery search completed in 6.2056 seconds
[2018.07.05-11.13.38:774][  0]LogCollectionManager: Rebuilt the object cache for 0 collections in 0.000000 seconds (found 0 objects)
[2018.07.05-11.13.38:774][  0]LogCollectionManager: Fixed up redirectors for 0 collections in 0.000077 seconds (updated 0 objects)
[2018.07.05-11.13.38:777][  0]LogContentStreaming: Texture pool size now 1000 MB
[2018.07.05-11.13.38:815][  0]LogSlate: Took 0.000125 seconds to synchronously load lazily loaded font '../../../Engine/Content/Slate/Fonts/Roboto-Light.ttf' (167K)
[2018.07.05-11.13.38:826][  1]LogTemp: Bone cache synced: 20
[2018.07.05-11.13.38:827][  1]LogTemp: Bone cache synced: 20
[2018.07.05-11.14.01:574][694]LogSlate: FSceneViewport::OnFocusLost() reason 0
[2018.07.05-11.14.02:493][800]LogSlate: Took 0.000138 seconds to synchronously load lazily loaded font '../../../Engine/Content/Slate/Fonts/Roboto-Light.ttf' (167K)
[2018.07.05-11.14.02:692][800]LogContentBrowser: Native class hierarchy updated for 'BlueprintGraph' in 0.0005 seconds. Added 116 classes and 0 folders.
[2018.07.05-11.14.02:949][800]LogUObjectGlobals: Created PersistentFrame Addr=0x0000027aa527e2a8, Size=4, Default__SKEL_PROTO_BP_AnimBlueprint_0_C Function /Engine/Transient.SKEL_PROTO_BP_AnimBlueprint_0_C:ExecuteUbergraph_PROTO_BP_AnimBlueprint_0
[2018.07.05-11.14.02:949][800]LogUObjectGlobals: Created PersistentFrame Addr=0x0000027aa527e2a0, Size=4, Default__PROTO_BP_AnimBlueprint_0_C Function /Engine/Transient.PROTO_BP_AnimBlueprint_0_C:ExecuteUbergraph_PROTO_BP_AnimBlueprint_0
[2018.07.05-11.14.03:298][800]LogTemp: Bone cache synced: 20
[2018.07.05-11.14.03:298][800]LogTemp: Bone cache synced: 20
[2018.07.05-11.14.03:360][800]LogSlate: Took 0.000156 seconds to synchronously load lazily loaded font '../../../Engine/Content/Slate/Fonts/Roboto-BoldCondensed.ttf' (158K)
[2018.07.05-11.14.03:566][801]LogSlate: Took 0.000237 seconds to synchronously load lazily loaded font '../../../Engine/Content/Slate/Fonts/Roboto-Italic.ttf' (157K)
